{"meta": {"format": 3, "version": "7.11.0", "timestamp": "2025-10-28T00:31:58.812860", "branch_coverage": false, "show_contexts": false}, "files": {"src\\compareblocks\\__init__.py": {"executed_lines": [3, 7], "summary": {"covered_lines": 1, "num_statements": 1, "percent_covered": 100.0, "percent_covered_display": "100", "missing_lines": 0, "excluded_lines": 0}, "missing_lines": [], "excluded_lines": [], "functions": {"": {"executed_lines": [3, 7], "summary": {"covered_lines": 1, "num_statements": 1, "percent_covered": 100.0, "percent_covered_display": "100", "missing_lines": 0, "excluded_lines": 0}, "missing_lines": [], "excluded_lines": []}}, "classes": {"": {"executed_lines": [3, 7], "summary": {"covered_lines": 1, "num_statements": 1, "percent_covered": 100.0, "percent_covered_display": "100", "missing_lines": 0, "excluded_lines": 0}, "missing_lines": [], "excluded_lines": []}}}, "src\\compareblocks\\analytics\\__init__.py": {"executed_lines": [], "summary": {"covered_lines": 0, "num_statements": 5, "percent_covered": 0.0, "percent_covered_display": "0", "missing_lines": 5, "excluded_lines": 0}, "missing_lines": [7, 8, 9, 10, 12], "excluded_lines": [], "functions": {"": {"executed_lines": [], "summary": {"covered_lines": 0, "num_statements": 5, "percent_covered": 0.0, "percent_covered_display": "0", "missing_lines": 5, "excluded_lines": 0}, "missing_lines": [7, 8, 9, 10, 12], "excluded_lines": []}}, "classes": {"": {"executed_lines": [], "summary": {"covered_lines": 0, "num_statements": 5, "percent_covered": 0.0, "percent_covered_display": "0", "missing_lines": 5, "excluded_lines": 0}, "missing_lines": [7, 8, 9, 10, 12], "excluded_lines": []}}}, "src\\compareblocks\\analytics\\dashboard.py": {"executed_lines": [], "summary": {"covered_lines": 0, "num_statements": 214, "percent_covered": 0.0, "percent_covered_display": "0", "missing_lines": 214, "excluded_lines": 0}, "missing_lines": [7, 8, 9, 10, 12, 13, 14, 15, 16, 19, 22, 24, 25, 27, 37, 38, 46, 49, 50, 51, 53, 79, 81, 93, 99, 100, 101, 104, 105, 106, 107, 108, 110, 125, 126, 127, 128, 130, 143, 150, 152, 164, 170, 171, 172, 175, 178, 181, 183, 191, 193, 195, 197, 198, 214, 216, 218, 219, 220, 221, 222, 223, 225, 227, 229, 231, 232, 233, 234, 235, 236, 238, 239, 241, 242, 243, 244, 245, 246, 248, 249, 251, 252, 253, 254, 255, 256, 258, 260, 262, 264, 266, 268, 269, 277, 278, 286, 287, 295, 296, 303, 305, 307, 309, 310, 313, 314, 315, 316, 318, 319, 321, 322, 325, 326, 327, 329, 330, 332, 334, 337, 339, 340, 341, 342, 348, 349, 350, 351, 357, 358, 359, 360, 366, 367, 368, 374, 376, 378, 379, 380, 381, 383, 386, 388, 390, 391, 397, 398, 399, 405, 407, 409, 411, 413, 414, 423, 424, 433, 434, 442, 444, 446, 447, 450, 460, 463, 465, 466, 469, 470, 471, 472, 475, 476, 477, 479, 480, 482, 484, 486, 488, 489, 492, 493, 495, 496, 497, 498, 506, 508, 510, 511, 514, 515, 516, 518, 519, 521, 523, 531, 533, 534, 535, 536, 537, 538, 540, 543, 553, 554, 557, 569, 570], "excluded_lines": [], "functions": {"AnalyticsDashboard.__init__": {"executed_lines": [], "summary": {"covered_lines": 0, "num_statements": 2, "percent_covered": 0.0, "percent_covered_display": "0", "missing_lines": 2, "excluded_lines": 0}, "missing_lines": [24, 25], "excluded_lines": []}, "AnalyticsDashboard.create_performance_dashboard": {"executed_lines": [], "summary": {"covered_lines": 0, "num_statements": 8, "percent_covered": 0.0, "percent_covered_display": "0", "missing_lines": 8, "excluded_lines": 0}, "missing_lines": [37, 38, 46, 49, 50, 51, 53, 79], "excluded_lines": []}, "AnalyticsDashboard.create_quality_dashboard": {"executed_lines": [], "summary": {"covered_lines": 0, "num_statements": 17, "percent_covered": 0.0, "percent_covered_display": "0", "missing_lines": 17, "excluded_lines": 0}, "missing_lines": [93, 99, 100, 101, 104, 105, 106, 107, 108, 110, 125, 126, 127, 128, 130, 143, 150], "excluded_lines": []}, "AnalyticsDashboard.create_optimization_dashboard": {"executed_lines": [], "summary": {"covered_lines": 0, "num_statements": 9, "percent_covered": 0.0, "percent_covered_display": "0", "missing_lines": 9, "excluded_lines": 0}, "missing_lines": [164, 170, 171, 172, 175, 178, 181, 183, 191], "excluded_lines": []}, "AnalyticsDashboard._create_performance_matrix": {"executed_lines": [], "summary": {"covered_lines": 0, "num_statements": 4, "percent_covered": 0.0, "percent_covered_display": "0", "missing_lines": 4, "excluded_lines": 0}, "missing_lines": [195, 197, 198, 214], "excluded_lines": []}, "AnalyticsDashboard._get_performance_level": {"executed_lines": [], "summary": {"covered_lines": 0, "num_statements": 7, "percent_covered": 0.0, "percent_covered_display": "0", "missing_lines": 7, "excluded_lines": 0}, "missing_lines": [218, 219, 220, 221, 222, 223, 225], "excluded_lines": []}, "AnalyticsDashboard._rate_performance": {"executed_lines": [], "summary": {"covered_lines": 0, "num_statements": 25, "percent_covered": 0.0, "percent_covered_display": "0", "missing_lines": 25, "excluded_lines": 0}, "missing_lines": [229, 231, 232, 233, 234, 235, 236, 238, 239, 241, 242, 243, 244, 245, 246, 248, 249, 251, 252, 253, 254, 255, 256, 258, 260], "excluded_lines": []}, "AnalyticsDashboard._generate_performance_alerts": {"executed_lines": [], "summary": {"covered_lines": 0, "num_statements": 11, "percent_covered": 0.0, "percent_covered_display": "0", "missing_lines": 11, "excluded_lines": 0}, "missing_lines": [264, 266, 268, 269, 277, 278, 286, 287, 295, 296, 303], "excluded_lines": []}, "AnalyticsDashboard._generate_dashboard_recommendations": {"executed_lines": [], "summary": {"covered_lines": 0, "num_statements": 17, "percent_covered": 0.0, "percent_covered_display": "0", "missing_lines": 17, "excluded_lines": 0}, "missing_lines": [307, 309, 310, 313, 314, 315, 316, 318, 319, 321, 322, 325, 326, 327, 329, 330, 332], "excluded_lines": []}, "AnalyticsDashboard._generate_quality_alerts": {"executed_lines": [], "summary": {"covered_lines": 0, "num_statements": 17, "percent_covered": 0.0, "percent_covered_display": "0", "missing_lines": 17, "excluded_lines": 0}, "missing_lines": [337, 339, 340, 341, 342, 348, 349, 350, 351, 357, 358, 359, 360, 366, 367, 368, 374], "excluded_lines": []}, "AnalyticsDashboard._count_decision_actions": {"executed_lines": [], "summary": {"covered_lines": 0, "num_statements": 4, "percent_covered": 0.0, "percent_covered_display": "0", "missing_lines": 4, "excluded_lines": 0}, "missing_lines": [378, 379, 380, 381], "excluded_lines": []}, "AnalyticsDashboard._analyze_quality_trends": {"executed_lines": [], "summary": {"covered_lines": 0, "num_statements": 8, "percent_covered": 0.0, "percent_covered_display": "0", "missing_lines": 8, "excluded_lines": 0}, "missing_lines": [386, 388, 390, 391, 397, 398, 399, 405], "excluded_lines": []}, "AnalyticsDashboard._identify_optimization_opportunities": {"executed_lines": [], "summary": {"covered_lines": 0, "num_statements": 9, "percent_covered": 0.0, "percent_covered_display": "0", "missing_lines": 9, "excluded_lines": 0}, "missing_lines": [409, 411, 413, 414, 423, 424, 433, 434, 442], "excluded_lines": []}, "AnalyticsDashboard._analyze_optimization_trends": {"executed_lines": [], "summary": {"covered_lines": 0, "num_statements": 3, "percent_covered": 0.0, "percent_covered_display": "0", "missing_lines": 3, "excluded_lines": 0}, "missing_lines": [446, 447, 450], "excluded_lines": []}, "AnalyticsDashboard._generate_optimization_recommendations": {"executed_lines": [], "summary": {"covered_lines": 0, "num_statements": 13, "percent_covered": 0.0, "percent_covered_display": "0", "missing_lines": 13, "excluded_lines": 0}, "missing_lines": [463, 465, 466, 469, 470, 471, 472, 475, 476, 477, 479, 480, 482], "excluded_lines": []}, "AnalyticsDashboard._identify_performance_gaps": {"executed_lines": [], "summary": {"covered_lines": 0, "num_statements": 10, "percent_covered": 0.0, "percent_covered_display": "0", "missing_lines": 10, "excluded_lines": 0}, "missing_lines": [486, 488, 489, 492, 493, 495, 496, 497, 498, 506], "excluded_lines": []}, "AnalyticsDashboard._calculate_improvement_potential": {"executed_lines": [], "summary": {"covered_lines": 0, "num_statements": 9, "percent_covered": 0.0, "percent_covered_display": "0", "missing_lines": 9, "excluded_lines": 0}, "missing_lines": [510, 511, 514, 515, 516, 518, 519, 521, 523], "excluded_lines": []}, "AnalyticsDashboard._describe_improvement_potential": {"executed_lines": [], "summary": {"covered_lines": 0, "num_statements": 7, "percent_covered": 0.0, "percent_covered_display": "0", "missing_lines": 7, "excluded_lines": 0}, "missing_lines": [533, 534, 535, 536, 537, 538, 540], "excluded_lines": []}, "create_performance_dashboard": {"executed_lines": [], "summary": {"covered_lines": 0, "num_statements": 2, "percent_covered": 0.0, "percent_covered_display": "0", "missing_lines": 2, "excluded_lines": 0}, "missing_lines": [553, 554], "excluded_lines": []}, "create_quality_dashboard": {"executed_lines": [], "summary": {"covered_lines": 0, "num_statements": 2, "percent_covered": 0.0, "percent_covered_display": "0", "missing_lines": 2, "excluded_lines": 0}, "missing_lines": [569, 570], "excluded_lines": []}, "": {"executed_lines": [], "summary": {"covered_lines": 0, "num_statements": 30, "percent_covered": 0.0, "percent_covered_display": "0", "missing_lines": 30, "excluded_lines": 0}, "missing_lines": [7, 8, 9, 10, 12, 13, 14, 15, 16, 19, 22, 27, 81, 152, 193, 216, 227, 262, 305, 334, 376, 383, 407, 444, 460, 484, 508, 531, 543, 557], "excluded_lines": []}}, "classes": {"AnalyticsDashboard": {"executed_lines": [], "summary": {"covered_lines": 0, "num_statements": 180, "percent_covered": 0.0, "percent_covered_display": "0", "missing_lines": 180, "excluded_lines": 0}, "missing_lines": [24, 25, 37, 38, 46, 49, 50, 51, 53, 79, 93, 99, 100, 101, 104, 105, 106, 107, 108, 110, 125, 126, 127, 128, 130, 143, 150, 164, 170, 171, 172, 175, 178, 181, 183, 191, 195, 197, 198, 214, 218, 219, 220, 221, 222, 223, 225, 229, 231, 232, 233, 234, 235, 236, 238, 239, 241, 242, 243, 244, 245, 246, 248, 249, 251, 252, 253, 254, 255, 256, 258, 260, 264, 266, 268, 269, 277, 278, 286, 287, 295, 296, 303, 307, 309, 310, 313, 314, 315, 316, 318, 319, 321, 322, 325, 326, 327, 329, 330, 332, 337, 339, 340, 341, 342, 348, 349, 350, 351, 357, 358, 359, 360, 366, 367, 368, 374, 378, 379, 380, 381, 386, 388, 390, 391, 397, 398, 399, 405, 409, 411, 413, 414, 423, 424, 433, 434, 442, 446, 447, 450, 463, 465, 466, 469, 470, 471, 472, 475, 476, 477, 479, 480, 482, 486, 488, 489, 492, 493, 495, 496, 497, 498, 506, 510, 511, 514, 515, 516, 518, 519, 521, 523, 533, 534, 535, 536, 537, 538, 540], "excluded_lines": []}, "": {"executed_lines": [], "summary": {"covered_lines": 0, "num_statements": 34, "percent_covered": 0.0, "percent_covered_display": "0", "missing_lines": 34, "excluded_lines": 0}, "missing_lines": [7, 8, 9, 10, 12, 13, 14, 15, 16, 19, 22, 27, 81, 152, 193, 216, 227, 262, 305, 334, 376, 383, 407, 444, 460, 484, 508, 531, 543, 553, 554, 557, 569, 570], "excluded_lines": []}}}, "src\\compareblocks\\analytics\\engine_analytics.py": {"executed_lines": [], "summary": {"covered_lines": 0, "num_statements": 214, "percent_covered": 0.0, "percent_covered_display": "0", "missing_lines": 214, "excluded_lines": 0}, "missing_lines": [7, 8, 9, 10, 11, 12, 13, 15, 16, 17, 18, 21, 22, 24, 25, 26, 27, 28, 29, 30, 31, 32, 33, 34, 35, 36, 37, 38, 39, 40, 41, 42, 43, 44, 46, 48, 51, 54, 56, 57, 58, 59, 61, 71, 73, 75, 76, 77, 78, 81, 84, 109, 110, 112, 114, 124, 125, 128, 138, 140, 141, 142, 145, 146, 149, 150, 153, 154, 157, 158, 159, 162, 163, 164, 165, 167, 168, 171, 172, 173, 174, 177, 178, 179, 182, 183, 185, 212, 214, 224, 225, 228, 229, 231, 232, 233, 236, 237, 238, 241, 242, 243, 244, 247, 248, 251, 252, 254, 283, 285, 295, 296, 299, 300, 303, 304, 306, 307, 310, 312, 314, 324, 325, 327, 328, 331, 334, 335, 336, 337, 338, 339, 340, 343, 344, 345, 346, 347, 350, 351, 352, 353, 355, 356, 357, 358, 361, 362, 363, 364, 365, 368, 369, 370, 371, 372, 373, 376, 377, 378, 379, 381, 383, 407, 417, 419, 422, 429, 432, 433, 435, 445, 446, 456, 457, 458, 459, 462, 463, 466, 467, 469, 480, 491, 492, 493, 496, 499, 505, 512, 513, 515, 517, 527, 528, 531, 532, 533, 535, 538, 552, 553, 555, 556, 558, 559, 561, 562, 564, 565, 567, 570, 580, 581], "excluded_lines": [], "functions": {"EnginePerformanceMetrics.to_dict": {"executed_lines": [], "summary": {"covered_lines": 0, "num_statements": 1, "percent_covered": 0.0, "percent_covered_display": "0", "missing_lines": 1, "excluded_lines": 0}, "missing_lines": [48], "excluded_lines": []}, "EngineAnalytics.__init__": {"executed_lines": [], "summary": {"covered_lines": 0, "num_statements": 4, "percent_covered": 0.0, "percent_covered_display": "0", "missing_lines": 4, "excluded_lines": 0}, "missing_lines": [56, 57, 58, 59], "excluded_lines": []}, "EngineAnalytics.analyze_engine_results": {"executed_lines": [], "summary": {"covered_lines": 0, "num_statements": 11, "percent_covered": 0.0, "percent_covered_display": "0", "missing_lines": 11, "excluded_lines": 0}, "missing_lines": [71, 73, 75, 76, 77, 78, 81, 84, 109, 110, 112], "excluded_lines": []}, "EngineAnalytics.analyze_consensus_decisions": {"executed_lines": [], "summary": {"covered_lines": 0, "num_statements": 33, "percent_covered": 0.0, "percent_covered_display": "0", "missing_lines": 33, "excluded_lines": 0}, "missing_lines": [124, 125, 128, 138, 140, 141, 142, 145, 146, 149, 150, 153, 154, 157, 158, 159, 162, 163, 164, 165, 167, 168, 171, 172, 173, 174, 177, 178, 179, 182, 183, 185, 212], "excluded_lines": []}, "EngineAnalytics.analyze_variation_scores": {"executed_lines": [], "summary": {"covered_lines": 0, "num_statements": 20, "percent_covered": 0.0, "percent_covered_display": "0", "missing_lines": 20, "excluded_lines": 0}, "missing_lines": [224, 225, 228, 229, 231, 232, 233, 236, 237, 238, 241, 242, 243, 244, 247, 248, 251, 252, 254, 283], "excluded_lines": []}, "EngineAnalytics.combine_metrics": {"executed_lines": [], "summary": {"covered_lines": 0, "num_statements": 10, "percent_covered": 0.0, "percent_covered_display": "0", "missing_lines": 10, "excluded_lines": 0}, "missing_lines": [295, 296, 299, 300, 303, 304, 306, 307, 310, 312], "excluded_lines": []}, "EngineAnalytics._combine_engine_metrics": {"executed_lines": [], "summary": {"covered_lines": 0, "num_statements": 42, "percent_covered": 0.0, "percent_covered_display": "0", "missing_lines": 42, "excluded_lines": 0}, "missing_lines": [324, 325, 327, 328, 331, 334, 335, 336, 337, 338, 339, 340, 343, 344, 345, 346, 347, 350, 351, 352, 353, 355, 356, 357, 358, 361, 362, 363, 364, 365, 368, 369, 370, 371, 372, 373, 376, 377, 378, 379, 381, 383], "excluded_lines": []}, "EngineAnalytics.get_engine_rankings": {"executed_lines": [], "summary": {"covered_lines": 0, "num_statements": 6, "percent_covered": 0.0, "percent_covered_display": "0", "missing_lines": 6, "excluded_lines": 0}, "missing_lines": [417, 419, 422, 429, 432, 433], "excluded_lines": []}, "EngineAnalytics.get_performance_summary": {"executed_lines": [], "summary": {"covered_lines": 0, "num_statements": 11, "percent_covered": 0.0, "percent_covered_display": "0", "missing_lines": 11, "excluded_lines": 0}, "missing_lines": [445, 446, 456, 457, 458, 459, 462, 463, 466, 467, 469], "excluded_lines": []}, "EngineAnalytics.save_metrics": {"executed_lines": [], "summary": {"covered_lines": 0, "num_statements": 9, "percent_covered": 0.0, "percent_covered_display": "0", "missing_lines": 9, "excluded_lines": 0}, "missing_lines": [491, 492, 493, 496, 499, 505, 512, 513, 515], "excluded_lines": []}, "EngineAnalytics.load_metrics": {"executed_lines": [], "summary": {"covered_lines": 0, "num_statements": 6, "percent_covered": 0.0, "percent_covered_display": "0", "missing_lines": 6, "excluded_lines": 0}, "missing_lines": [527, 528, 531, 532, 533, 535], "excluded_lines": []}, "analyze_engine_performance": {"executed_lines": [], "summary": {"covered_lines": 0, "num_statements": 11, "percent_covered": 0.0, "percent_covered_display": "0", "missing_lines": 11, "excluded_lines": 0}, "missing_lines": [552, 553, 555, 556, 558, 559, 561, 562, 564, 565, 567], "excluded_lines": []}, "get_engine_rankings": {"executed_lines": [], "summary": {"covered_lines": 0, "num_statements": 2, "percent_covered": 0.0, "percent_covered_display": "0", "missing_lines": 2, "excluded_lines": 0}, "missing_lines": [580, 581], "excluded_lines": []}, "": {"executed_lines": [], "summary": {"covered_lines": 0, "num_statements": 48, "percent_covered": 0.0, "percent_covered_display": "0", "missing_lines": 48, "excluded_lines": 0}, "missing_lines": [7, 8, 9, 10, 11, 12, 13, 15, 16, 17, 18, 21, 22, 24, 25, 26, 27, 28, 29, 30, 31, 32, 33, 34, 35, 36, 37, 38, 39, 40, 41, 42, 43, 44, 46, 51, 54, 61, 114, 214, 285, 314, 407, 435, 480, 517, 538, 570], "excluded_lines": []}}, "classes": {"EnginePerformanceMetrics": {"executed_lines": [], "summary": {"covered_lines": 0, "num_statements": 1, "percent_covered": 0.0, "percent_covered_display": "0", "missing_lines": 1, "excluded_lines": 0}, "missing_lines": [48], "excluded_lines": []}, "EngineAnalytics": {"executed_lines": [], "summary": {"covered_lines": 0, "num_statements": 152, "percent_covered": 0.0, "percent_covered_display": "0", "missing_lines": 152, "excluded_lines": 0}, "missing_lines": [56, 57, 58, 59, 71, 73, 75, 76, 77, 78, 81, 84, 109, 110, 112, 124, 125, 128, 138, 140, 141, 142, 145, 146, 149, 150, 153, 154, 157, 158, 159, 162, 163, 164, 165, 167, 168, 171, 172, 173, 174, 177, 178, 179, 182, 183, 185, 212, 224, 225, 228, 229, 231, 232, 233, 236, 237, 238, 241, 242, 243, 244, 247, 248, 251, 252, 254, 283, 295, 296, 299, 300, 303, 304, 306, 307, 310, 312, 324, 325, 327, 328, 331, 334, 335, 336, 337, 338, 339, 340, 343, 344, 345, 346, 347, 350, 351, 352, 353, 355, 356, 357, 358, 361, 362, 363, 364, 365, 368, 369, 370, 371, 372, 373, 376, 377, 378, 379, 381, 383, 417, 419, 422, 429, 432, 433, 445, 446, 456, 457, 458, 459, 462, 463, 466, 467, 469, 491, 492, 493, 496, 499, 505, 512, 513, 515, 527, 528, 531, 532, 533, 535], "excluded_lines": []}, "": {"executed_lines": [], "summary": {"covered_lines": 0, "num_statements": 61, "percent_covered": 0.0, "percent_covered_display": "0", "missing_lines": 61, "excluded_lines": 0}, "missing_lines": [7, 8, 9, 10, 11, 12, 13, 15, 16, 17, 18, 21, 22, 24, 25, 26, 27, 28, 29, 30, 31, 32, 33, 34, 35, 36, 37, 38, 39, 40, 41, 42, 43, 44, 46, 51, 54, 61, 114, 214, 285, 314, 407, 435, 480, 517, 538, 552, 553, 555, 556, 558, 559, 561, 562, 564, 565, 567, 570, 580, 581], "excluded_lines": []}}}, "src\\compareblocks\\analytics\\export.py": {"executed_lines": [], "summary": {"covered_lines": 0, "num_statements": 151, "percent_covered": 0.0, "percent_covered_display": "0", "missing_lines": 151, "excluded_lines": 0}, "missing_lines": [7, 8, 9, 10, 11, 12, 14, 15, 16, 17, 20, 23, 25, 27, 39, 40, 41, 42, 45, 48, 59, 60, 62, 64, 76, 77, 78, 79, 82, 85, 108, 109, 110, 112, 113, 134, 136, 138, 150, 151, 152, 153, 156, 159, 160, 161, 167, 169, 171, 185, 186, 187, 188, 189, 190, 192, 194, 196, 197, 198, 199, 202, 205, 206, 208, 210, 212, 213, 214, 215, 218, 221, 231, 233, 235, 237, 238, 239, 240, 243, 246, 247, 250, 251, 252, 253, 254, 255, 256, 259, 260, 261, 262, 263, 266, 267, 270, 274, 277, 278, 279, 280, 290, 292, 304, 305, 306, 307, 310, 313, 321, 322, 324, 326, 338, 339, 340, 341, 344, 347, 348, 350, 352, 364, 365, 366, 367, 370, 373, 374, 375, 385, 387, 389, 399, 405, 406, 413, 415, 418, 432, 434, 435, 436, 437, 438, 439, 441, 444, 458, 459], "excluded_lines": [], "functions": {"AnalyticsExporter.__init__": {"executed_lines": [], "summary": {"covered_lines": 0, "num_statements": 1, "percent_covered": 0.0, "percent_covered_display": "0", "missing_lines": 1, "excluded_lines": 0}, "missing_lines": [25], "excluded_lines": []}, "AnalyticsExporter.export_engine_metrics_json": {"executed_lines": [], "summary": {"covered_lines": 0, "num_statements": 9, "percent_covered": 0.0, "percent_covered_display": "0", "missing_lines": 9, "excluded_lines": 0}, "missing_lines": [39, 40, 41, 42, 45, 48, 59, 60, 62], "excluded_lines": []}, "AnalyticsExporter.export_engine_metrics_csv": {"executed_lines": [], "summary": {"covered_lines": 0, "num_statements": 13, "percent_covered": 0.0, "percent_covered_display": "0", "missing_lines": 13, "excluded_lines": 0}, "missing_lines": [76, 77, 78, 79, 82, 85, 108, 109, 110, 112, 113, 134, 136], "excluded_lines": []}, "AnalyticsExporter.export_engine_metrics_ndjson": {"executed_lines": [], "summary": {"covered_lines": 0, "num_statements": 10, "percent_covered": 0.0, "percent_covered_display": "0", "missing_lines": 10, "excluded_lines": 0}, "missing_lines": [150, 151, 152, 153, 156, 159, 160, 161, 167, 169], "excluded_lines": []}, "AnalyticsExporter.export_analytics_report": {"executed_lines": [], "summary": {"covered_lines": 0, "num_statements": 7, "percent_covered": 0.0, "percent_covered_display": "0", "missing_lines": 7, "excluded_lines": 0}, "missing_lines": [185, 186, 187, 188, 189, 190, 192], "excluded_lines": []}, "AnalyticsExporter._export_report_json": {"executed_lines": [], "summary": {"covered_lines": 0, "num_statements": 8, "percent_covered": 0.0, "percent_covered_display": "0", "missing_lines": 8, "excluded_lines": 0}, "missing_lines": [196, 197, 198, 199, 202, 205, 206, 208], "excluded_lines": []}, "AnalyticsExporter._export_report_ndjson": {"executed_lines": [], "summary": {"covered_lines": 0, "num_statements": 8, "percent_covered": 0.0, "percent_covered_display": "0", "missing_lines": 8, "excluded_lines": 0}, "missing_lines": [212, 213, 214, 215, 218, 221, 231, 233], "excluded_lines": []}, "AnalyticsExporter._export_report_csv": {"executed_lines": [], "summary": {"covered_lines": 0, "num_statements": 28, "percent_covered": 0.0, "percent_covered_display": "0", "missing_lines": 28, "excluded_lines": 0}, "missing_lines": [237, 238, 239, 240, 243, 246, 247, 250, 251, 252, 253, 254, 255, 256, 259, 260, 261, 262, 263, 266, 267, 270, 274, 277, 278, 279, 280, 290], "excluded_lines": []}, "AnalyticsExporter.export_dashboard_data": {"executed_lines": [], "summary": {"covered_lines": 0, "num_statements": 9, "percent_covered": 0.0, "percent_covered_display": "0", "missing_lines": 9, "excluded_lines": 0}, "missing_lines": [304, 305, 306, 307, 310, 313, 321, 322, 324], "excluded_lines": []}, "AnalyticsExporter.export_comparison_data": {"executed_lines": [], "summary": {"covered_lines": 0, "num_statements": 8, "percent_covered": 0.0, "percent_covered_display": "0", "missing_lines": 8, "excluded_lines": 0}, "missing_lines": [338, 339, 340, 341, 344, 347, 348, 350], "excluded_lines": []}, "AnalyticsExporter.export_batch_metrics": {"executed_lines": [], "summary": {"covered_lines": 0, "num_statements": 10, "percent_covered": 0.0, "percent_covered_display": "0", "missing_lines": 10, "excluded_lines": 0}, "missing_lines": [364, 365, 366, 367, 370, 373, 374, 375, 385, 387], "excluded_lines": []}, "AnalyticsExporter.create_export_summary": {"executed_lines": [], "summary": {"covered_lines": 0, "num_statements": 5, "percent_covered": 0.0, "percent_covered_display": "0", "missing_lines": 5, "excluded_lines": 0}, "missing_lines": [399, 405, 406, 413, 415], "excluded_lines": []}, "export_engine_metrics": {"executed_lines": [], "summary": {"covered_lines": 0, "num_statements": 8, "percent_covered": 0.0, "percent_covered_display": "0", "missing_lines": 8, "excluded_lines": 0}, "missing_lines": [432, 434, 435, 436, 437, 438, 439, 441], "excluded_lines": []}, "export_analytics_report": {"executed_lines": [], "summary": {"covered_lines": 0, "num_statements": 2, "percent_covered": 0.0, "percent_covered_display": "0", "missing_lines": 2, "excluded_lines": 0}, "missing_lines": [458, 459], "excluded_lines": []}, "": {"executed_lines": [], "summary": {"covered_lines": 0, "num_statements": 25, "percent_covered": 0.0, "percent_covered_display": "0", "missing_lines": 25, "excluded_lines": 0}, "missing_lines": [7, 8, 9, 10, 11, 12, 14, 15, 16, 17, 20, 23, 27, 64, 138, 171, 194, 210, 235, 292, 326, 352, 389, 418, 444], "excluded_lines": []}}, "classes": {"AnalyticsExporter": {"executed_lines": [], "summary": {"covered_lines": 0, "num_statements": 116, "percent_covered": 0.0, "percent_covered_display": "0", "missing_lines": 116, "excluded_lines": 0}, "missing_lines": [25, 39, 40, 41, 42, 45, 48, 59, 60, 62, 76, 77, 78, 79, 82, 85, 108, 109, 110, 112, 113, 134, 136, 150, 151, 152, 153, 156, 159, 160, 161, 167, 169, 185, 186, 187, 188, 189, 190, 192, 196, 197, 198, 199, 202, 205, 206, 208, 212, 213, 214, 215, 218, 221, 231, 233, 237, 238, 239, 240, 243, 246, 247, 250, 251, 252, 253, 254, 255, 256, 259, 260, 261, 262, 263, 266, 267, 270, 274, 277, 278, 279, 280, 290, 304, 305, 306, 307, 310, 313, 321, 322, 324, 338, 339, 340, 341, 344, 347, 348, 350, 364, 365, 366, 367, 370, 373, 374, 375, 385, 387, 399, 405, 406, 413, 415], "excluded_lines": []}, "": {"executed_lines": [], "summary": {"covered_lines": 0, "num_statements": 35, "percent_covered": 0.0, "percent_covered_display": "0", "missing_lines": 35, "excluded_lines": 0}, "missing_lines": [7, 8, 9, 10, 11, 12, 14, 15, 16, 17, 20, 23, 27, 64, 138, 171, 194, 210, 235, 292, 326, 352, 389, 418, 432, 434, 435, 436, 437, 438, 439, 441, 444, 458, 459], "excluded_lines": []}}}, "src\\compareblocks\\analytics\\report_generator.py": {"executed_lines": [], "summary": {"covered_lines": 0, "num_statements": 218, "percent_covered": 0.0, "percent_covered_display": "0", "missing_lines": 218, "excluded_lines": 0}, "missing_lines": [7, 8, 9, 10, 11, 12, 13, 15, 16, 17, 18, 19, 22, 23, 25, 26, 27, 28, 29, 30, 31, 32, 33, 34, 35, 37, 39, 41, 45, 48, 51, 53, 55, 73, 74, 76, 77, 80, 81, 82, 83, 84, 85, 86, 89, 92, 95, 98, 100, 120, 130, 131, 132, 135, 138, 150, 151, 152, 154, 155, 156, 157, 159, 176, 186, 187, 188, 191, 194, 197, 209, 210, 211, 212, 213, 214, 215, 217, 234, 238, 244, 245, 251, 252, 258, 260, 262, 263, 266, 269, 270, 273, 274, 275, 278, 279, 282, 283, 284, 287, 288, 289, 290, 292, 311, 314, 316, 317, 318, 319, 320, 322, 333, 334, 335, 337, 344, 346, 350, 353, 354, 355, 356, 357, 359, 360, 362, 363, 366, 367, 368, 370, 371, 374, 375, 376, 377, 379, 380, 381, 383, 384, 385, 388, 389, 390, 391, 393, 394, 395, 396, 399, 400, 402, 404, 406, 407, 409, 410, 412, 423, 424, 425, 426, 429, 432, 433, 435, 437, 447, 448, 451, 452, 453, 455, 457, 459, 469, 470, 472, 487, 488, 489, 491, 492, 493, 494, 495, 496, 504, 505, 508, 509, 510, 511, 518, 521, 523, 524, 526, 527, 529, 530, 532, 533, 535, 536, 539, 540, 541, 543, 545, 548, 564, 565, 573, 584, 585], "excluded_lines": [], "functions": {"AnalyticsReport.to_dict": {"executed_lines": [], "summary": {"covered_lines": 0, "num_statements": 3, "percent_covered": 0.0, "percent_covered_display": "0", "missing_lines": 3, "excluded_lines": 0}, "missing_lines": [39, 41, 45], "excluded_lines": []}, "ReportGenerator.__init__": {"executed_lines": [], "summary": {"covered_lines": 0, "num_statements": 1, "percent_covered": 0.0, "percent_covered_display": "0", "missing_lines": 1, "excluded_lines": 0}, "missing_lines": [53], "excluded_lines": []}, "ReportGenerator.generate_comprehensive_report": {"executed_lines": [], "summary": {"covered_lines": 0, "num_statements": 16, "percent_covered": 0.0, "percent_covered_display": "0", "missing_lines": 16, "excluded_lines": 0}, "missing_lines": [73, 74, 76, 77, 80, 81, 82, 83, 84, 85, 86, 89, 92, 95, 98, 100], "excluded_lines": []}, "ReportGenerator.generate_engine_performance_report": {"executed_lines": [], "summary": {"covered_lines": 0, "num_statements": 13, "percent_covered": 0.0, "percent_covered_display": "0", "missing_lines": 13, "excluded_lines": 0}, "missing_lines": [130, 131, 132, 135, 138, 150, 151, 152, 154, 155, 156, 157, 159], "excluded_lines": []}, "ReportGenerator.generate_decision_analysis_report": {"executed_lines": [], "summary": {"covered_lines": 0, "num_statements": 14, "percent_covered": 0.0, "percent_covered_display": "0", "missing_lines": 14, "excluded_lines": 0}, "missing_lines": [186, 187, 188, 191, 194, 197, 209, 210, 211, 212, 213, 214, 215, 217], "excluded_lines": []}, "ReportGenerator._generate_summary": {"executed_lines": [], "summary": {"covered_lines": 0, "num_statements": 6, "percent_covered": 0.0, "percent_covered_display": "0", "missing_lines": 6, "excluded_lines": 0}, "missing_lines": [238, 244, 245, 251, 252, 258], "excluded_lines": []}, "ReportGenerator._analyze_decisions": {"executed_lines": [], "summary": {"covered_lines": 0, "num_statements": 18, "percent_covered": 0.0, "percent_covered_display": "0", "missing_lines": 18, "excluded_lines": 0}, "missing_lines": [262, 263, 266, 269, 270, 273, 274, 275, 278, 279, 282, 283, 284, 287, 288, 289, 290, 292], "excluded_lines": []}, "ReportGenerator._calculate_quality_metrics": {"executed_lines": [], "summary": {"covered_lines": 0, "num_statements": 12, "percent_covered": 0.0, "percent_covered_display": "0", "missing_lines": 12, "excluded_lines": 0}, "missing_lines": [314, 316, 317, 318, 319, 320, 322, 333, 334, 335, 337, 344], "excluded_lines": []}, "ReportGenerator._generate_recommendations": {"executed_lines": [], "summary": {"covered_lines": 0, "num_statements": 36, "percent_covered": 0.0, "percent_covered_display": "0", "missing_lines": 36, "excluded_lines": 0}, "missing_lines": [350, 353, 354, 355, 356, 357, 359, 360, 362, 363, 366, 367, 368, 370, 371, 374, 375, 376, 377, 379, 380, 381, 383, 384, 385, 388, 389, 390, 391, 393, 394, 395, 396, 399, 400, 402], "excluded_lines": []}, "ReportGenerator._calculate_manual_override_rate": {"executed_lines": [], "summary": {"covered_lines": 0, "num_statements": 4, "percent_covered": 0.0, "percent_covered_display": "0", "missing_lines": 4, "excluded_lines": 0}, "missing_lines": [406, 407, 409, 410], "excluded_lines": []}, "ReportGenerator.save_report": {"executed_lines": [], "summary": {"covered_lines": 0, "num_statements": 8, "percent_covered": 0.0, "percent_covered_display": "0", "missing_lines": 8, "excluded_lines": 0}, "missing_lines": [423, 424, 425, 426, 429, 432, 433, 435], "excluded_lines": []}, "ReportGenerator.load_report": {"executed_lines": [], "summary": {"covered_lines": 0, "num_statements": 7, "percent_covered": 0.0, "percent_covered_display": "0", "missing_lines": 7, "excluded_lines": 0}, "missing_lines": [447, 448, 451, 452, 453, 455, 457], "excluded_lines": []}, "ReportGenerator.generate_comparison_report": {"executed_lines": [], "summary": {"covered_lines": 0, "num_statements": 35, "percent_covered": 0.0, "percent_covered_display": "0", "missing_lines": 35, "excluded_lines": 0}, "missing_lines": [469, 470, 472, 487, 488, 489, 491, 492, 493, 494, 495, 496, 504, 505, 508, 509, 510, 511, 518, 521, 523, 524, 526, 527, 529, 530, 532, 533, 535, 536, 539, 540, 541, 543, 545], "excluded_lines": []}, "generate_analytics_report": {"executed_lines": [], "summary": {"covered_lines": 0, "num_statements": 2, "percent_covered": 0.0, "percent_covered_display": "0", "missing_lines": 2, "excluded_lines": 0}, "missing_lines": [564, 565], "excluded_lines": []}, "save_analytics_report": {"executed_lines": [], "summary": {"covered_lines": 0, "num_statements": 2, "percent_covered": 0.0, "percent_covered_display": "0", "missing_lines": 2, "excluded_lines": 0}, "missing_lines": [584, 585], "excluded_lines": []}, "": {"executed_lines": [], "summary": {"covered_lines": 0, "num_statements": 41, "percent_covered": 0.0, "percent_covered_display": "0", "missing_lines": 41, "excluded_lines": 0}, "missing_lines": [7, 8, 9, 10, 11, 12, 13, 15, 16, 17, 18, 19, 22, 23, 25, 26, 27, 28, 29, 30, 31, 32, 33, 34, 35, 37, 48, 51, 55, 120, 176, 234, 260, 311, 346, 404, 412, 437, 459, 548, 573], "excluded_lines": []}}, "classes": {"AnalyticsReport": {"executed_lines": [], "summary": {"covered_lines": 0, "num_statements": 3, "percent_covered": 0.0, "percent_covered_display": "0", "missing_lines": 3, "excluded_lines": 0}, "missing_lines": [39, 41, 45], "excluded_lines": []}, "ReportGenerator": {"executed_lines": [], "summary": {"covered_lines": 0, "num_statements": 170, "percent_covered": 0.0, "percent_covered_display": "0", "missing_lines": 170, "excluded_lines": 0}, "missing_lines": [53, 73, 74, 76, 77, 80, 81, 82, 83, 84, 85, 86, 89, 92, 95, 98, 100, 130, 131, 132, 135, 138, 150, 151, 152, 154, 155, 156, 157, 159, 186, 187, 188, 191, 194, 197, 209, 210, 211, 212, 213, 214, 215, 217, 238, 244, 245, 251, 252, 258, 262, 263, 266, 269, 270, 273, 274, 275, 278, 279, 282, 283, 284, 287, 288, 289, 290, 292, 314, 316, 317, 318, 319, 320, 322, 333, 334, 335, 337, 344, 350, 353, 354, 355, 356, 357, 359, 360, 362, 363, 366, 367, 368, 370, 371, 374, 375, 376, 377, 379, 380, 381, 383, 384, 385, 388, 389, 390, 391, 393, 394, 395, 396, 399, 400, 402, 406, 407, 409, 410, 423, 424, 425, 426, 429, 432, 433, 435, 447, 448, 451, 452, 453, 455, 457, 469, 470, 472, 487, 488, 489, 491, 492, 493, 494, 495, 496, 504, 505, 508, 509, 510, 511, 518, 521, 523, 524, 526, 527, 529, 530, 532, 533, 535, 536, 539, 540, 541, 543, 545], "excluded_lines": []}, "": {"executed_lines": [], "summary": {"covered_lines": 0, "num_statements": 45, "percent_covered": 0.0, "percent_covered_display": "0", "missing_lines": 45, "excluded_lines": 0}, "missing_lines": [7, 8, 9, 10, 11, 12, 13, 15, 16, 17, 18, 19, 22, 23, 25, 26, 27, 28, 29, 30, 31, 32, 33, 34, 35, 37, 48, 51, 55, 120, 176, 234, 260, 311, 346, 404, 412, 437, 459, 548, 564, 565, 573, 584, 585], "excluded_lines": []}}}, "src\\compareblocks\\association\\__init__.py": {"executed_lines": [], "summary": {"covered_lines": 0, "num_statements": 4, "percent_covered": 0.0, "percent_covered_display": "0", "missing_lines": 4, "excluded_lines": 0}, "missing_lines": [7, 18, 24, 30], "excluded_lines": [], "functions": {"": {"executed_lines": [], "summary": {"covered_lines": 0, "num_statements": 4, "percent_covered": 0.0, "percent_covered_display": "0", "missing_lines": 4, "excluded_lines": 0}, "missing_lines": [7, 18, 24, 30], "excluded_lines": []}}, "classes": {"": {"executed_lines": [], "summary": {"covered_lines": 0, "num_statements": 4, "percent_covered": 0.0, "percent_covered_display": "0", "missing_lines": 4, "excluded_lines": 0}, "missing_lines": [7, 18, 24, 30], "excluded_lines": []}}}, "src\\compareblocks\\association\\alignment.py": {"executed_lines": [], "summary": {"covered_lines": 0, "num_statements": 36, "percent_covered": 0.0, "percent_covered_display": "0", "missing_lines": 36, "excluded_lines": 0}, "missing_lines": [7, 8, 9, 10, 13, 14, 16, 17, 18, 19, 20, 21, 24, 27, 29, 31, 33, 35, 36, 37, 39, 40, 43, 45, 46, 53, 56, 59, 60, 63, 66, 67, 70, 71, 72, 75], "excluded_lines": [], "functions": {"ContentAligner.__init__": {"executed_lines": [], "summary": {"covered_lines": 0, "num_statements": 1, "percent_covered": 0.0, "percent_covered_display": "0", "missing_lines": 1, "excluded_lines": 0}, "missing_lines": [29], "excluded_lines": []}, "ContentAligner.align_to_blocks": {"executed_lines": [], "summary": {"covered_lines": 0, "num_statements": 10, "percent_covered": 0.0, "percent_covered_display": "0", "missing_lines": 10, "excluded_lines": 0}, "missing_lines": [33, 35, 36, 37, 39, 40, 43, 45, 46, 53], "excluded_lines": []}, "align_content_to_blocks": {"executed_lines": [], "summary": {"covered_lines": 0, "num_statements": 2, "percent_covered": 0.0, "percent_covered_display": "0", "missing_lines": 2, "excluded_lines": 0}, "missing_lines": [59, 60], "excluded_lines": []}, "fuzzy_match_content": {"executed_lines": [], "summary": {"covered_lines": 0, "num_statements": 6, "percent_covered": 0.0, "percent_covered_display": "0", "missing_lines": 6, "excluded_lines": 0}, "missing_lines": [66, 67, 70, 71, 72, 75], "excluded_lines": []}, "": {"executed_lines": [], "summary": {"covered_lines": 0, "num_statements": 17, "percent_covered": 0.0, "percent_covered_display": "0", "missing_lines": 17, "excluded_lines": 0}, "missing_lines": [7, 8, 9, 10, 13, 14, 16, 17, 18, 19, 20, 21, 24, 27, 31, 56, 63], "excluded_lines": []}}, "classes": {"AlignmentResult": {"executed_lines": [], "summary": {"covered_lines": 0, "num_statements": 0, "percent_covered": 100.0, "percent_covered_display": "100", "missing_lines": 0, "excluded_lines": 0}, "missing_lines": [], "excluded_lines": []}, "ContentAligner": {"executed_lines": [], "summary": {"covered_lines": 0, "num_statements": 11, "percent_covered": 0.0, "percent_covered_display": "0", "missing_lines": 11, "excluded_lines": 0}, "missing_lines": [29, 33, 35, 36, 37, 39, 40, 43, 45, 46, 53], "excluded_lines": []}, "": {"executed_lines": [], "summary": {"covered_lines": 0, "num_statements": 25, "percent_covered": 0.0, "percent_covered_display": "0", "missing_lines": 25, "excluded_lines": 0}, "missing_lines": [7, 8, 9, 10, 13, 14, 16, 17, 18, 19, 20, 21, 24, 27, 31, 56, 59, 60, 63, 66, 67, 70, 71, 72, 75], "excluded_lines": []}}}, "src\\compareblocks\\association\\manager.py": {"executed_lines": [], "summary": {"covered_lines": 0, "num_statements": 76, "percent_covered": 0.0, "percent_covered_display": "0", "missing_lines": 76, "excluded_lines": 0}, "missing_lines": [7, 8, 9, 10, 11, 13, 16, 17, 19, 20, 21, 22, 23, 24, 25, 28, 29, 31, 32, 33, 34, 37, 40, 42, 44, 46, 48, 49, 52, 55, 56, 57, 60, 61, 62, 63, 66, 67, 68, 71, 72, 73, 76, 79, 80, 89, 91, 92, 103, 104, 106, 108, 109, 111, 113, 114, 115, 116, 118, 120, 121, 122, 124, 125, 127, 128, 129, 130, 132, 142, 144, 145, 148, 150, 151, 152], "excluded_lines": [], "functions": {"AssociationManager.__init__": {"executed_lines": [], "summary": {"covered_lines": 0, "num_statements": 1, "percent_covered": 0.0, "percent_covered_display": "0", "missing_lines": 1, "excluded_lines": 0}, "missing_lines": [42], "excluded_lines": []}, "AssociationManager.load_associations_for_pdf": {"executed_lines": [], "summary": {"covered_lines": 0, "num_statements": 25, "percent_covered": 0.0, "percent_covered_display": "0", "missing_lines": 25, "excluded_lines": 0}, "missing_lines": [46, 48, 49, 52, 55, 56, 57, 60, 61, 62, 63, 66, 67, 68, 71, 72, 73, 76, 79, 80, 89, 91, 92, 103, 104], "excluded_lines": []}, "AssociationManager.get_associations": {"executed_lines": [], "summary": {"covered_lines": 0, "num_statements": 2, "percent_covered": 0.0, "percent_covered_display": "0", "missing_lines": 2, "excluded_lines": 0}, "missing_lines": [108, 109], "excluded_lines": []}, "AssociationManager.refresh_associations": {"executed_lines": [], "summary": {"covered_lines": 0, "num_statements": 4, "percent_covered": 0.0, "percent_covered_display": "0", "missing_lines": 4, "excluded_lines": 0}, "missing_lines": [113, 114, 115, 116], "excluded_lines": []}, "AssociationManager.get_association_summary": {"executed_lines": [], "summary": {"covered_lines": 0, "num_statements": 10, "percent_covered": 0.0, "percent_covered_display": "0", "missing_lines": 10, "excluded_lines": 0}, "missing_lines": [120, 121, 122, 124, 125, 127, 128, 129, 130, 132], "excluded_lines": []}, "load_associations_for_pdf": {"executed_lines": [], "summary": {"covered_lines": 0, "num_statements": 2, "percent_covered": 0.0, "percent_covered_display": "0", "missing_lines": 2, "excluded_lines": 0}, "missing_lines": [144, 145], "excluded_lines": []}, "track_association_metadata": {"executed_lines": [], "summary": {"covered_lines": 0, "num_statements": 3, "percent_covered": 0.0, "percent_covered_display": "0", "missing_lines": 3, "excluded_lines": 0}, "missing_lines": [150, 151, 152], "excluded_lines": []}, "": {"executed_lines": [], "summary": {"covered_lines": 0, "num_statements": 29, "percent_covered": 0.0, "percent_covered_display": "0", "missing_lines": 29, "excluded_lines": 0}, "missing_lines": [7, 8, 9, 10, 11, 13, 16, 17, 19, 20, 21, 22, 23, 24, 25, 28, 29, 31, 32, 33, 34, 37, 40, 44, 106, 111, 118, 142, 148], "excluded_lines": []}}, "classes": {"AssociationMetadata": {"executed_lines": [], "summary": {"covered_lines": 0, "num_statements": 0, "percent_covered": 100.0, "percent_covered_display": "100", "missing_lines": 0, "excluded_lines": 0}, "missing_lines": [], "excluded_lines": []}, "PDFAssociations": {"executed_lines": [], "summary": {"covered_lines": 0, "num_statements": 0, "percent_covered": 100.0, "percent_covered_display": "100", "missing_lines": 0, "excluded_lines": 0}, "missing_lines": [], "excluded_lines": []}, "AssociationManager": {"executed_lines": [], "summary": {"covered_lines": 0, "num_statements": 42, "percent_covered": 0.0, "percent_covered_display": "0", "missing_lines": 42, "excluded_lines": 0}, "missing_lines": [42, 46, 48, 49, 52, 55, 56, 57, 60, 61, 62, 63, 66, 67, 68, 71, 72, 73, 76, 79, 80, 89, 91, 92, 103, 104, 108, 109, 113, 114, 115, 116, 120, 121, 122, 124, 125, 127, 128, 129, 130, 132], "excluded_lines": []}, "": {"executed_lines": [], "summary": {"covered_lines": 0, "num_statements": 34, "percent_covered": 0.0, "percent_covered_display": "0", "missing_lines": 34, "excluded_lines": 0}, "missing_lines": [7, 8, 9, 10, 11, 13, 16, 17, 19, 20, 21, 22, 23, 24, 25, 28, 29, 31, 32, 33, 34, 37, 40, 44, 106, 111, 118, 142, 144, 145, 148, 150, 151, 152], "excluded_lines": []}}}, "src\\compareblocks\\association\\parsers.py": {"executed_lines": [], "summary": {"covered_lines": 0, "num_statements": 194, "percent_covered": 0.0, "percent_covered_display": "0", "missing_lines": 194, "excluded_lines": 0}, "missing_lines": [7, 8, 9, 10, 11, 12, 13, 14, 15, 18, 19, 21, 22, 23, 24, 25, 28, 31, 32, 34, 36, 37, 39, 42, 45, 47, 49, 50, 51, 53, 54, 61, 62, 65, 66, 67, 70, 71, 72, 74, 77, 84, 95, 96, 102, 103, 106, 109, 111, 112, 115, 116, 119, 122, 123, 126, 129, 130, 138, 139, 140, 141, 147, 148, 149, 150, 151, 152, 154, 155, 162, 174, 175, 181, 182, 185, 188, 190, 191, 194, 195, 196, 199, 200, 202, 214, 215, 221, 223, 224, 225, 226, 227, 228, 230, 231, 232, 233, 234, 235, 237, 239, 240, 241, 242, 243, 248, 249, 251, 253, 254, 255, 256, 257, 259, 261, 262, 263, 264, 265, 267, 269, 270, 271, 272, 273, 275, 276, 279, 282, 284, 286, 287, 288, 291, 292, 295, 298, 299, 300, 301, 302, 303, 304, 311, 312, 313, 314, 315, 322, 323, 324, 325, 326, 331, 342, 343, 349, 350, 353, 356, 359, 362, 363, 366, 367, 369, 370, 371, 373, 374, 378, 381, 382, 387, 400, 401, 405, 416, 418, 419, 422, 433, 436, 438, 439, 440, 442, 443, 445, 448, 450, 453, 455], "excluded_lines": [], "functions": {"FormatParser.parse": {"executed_lines": [], "summary": {"covered_lines": 0, "num_statements": 1, "percent_covered": 0.0, "percent_covered_display": "0", "missing_lines": 1, "excluded_lines": 0}, "missing_lines": [34], "excluded_lines": []}, "FormatParser.get_format_type": {"executed_lines": [], "summary": {"covered_lines": 0, "num_statements": 1, "percent_covered": 0.0, "percent_covered_display": "0", "missing_lines": 1, "excluded_lines": 0}, "missing_lines": [39], "excluded_lines": []}, "CSVParser.parse": {"executed_lines": [], "summary": {"covered_lines": 0, "num_statements": 19, "percent_covered": 0.0, "percent_covered_display": "0", "missing_lines": 19, "excluded_lines": 0}, "missing_lines": [47, 49, 50, 51, 53, 54, 61, 62, 65, 66, 67, 70, 71, 72, 74, 77, 84, 95, 96], "excluded_lines": []}, "CSVParser.get_format_type": {"executed_lines": [], "summary": {"covered_lines": 0, "num_statements": 1, "percent_covered": 0.0, "percent_covered_display": "0", "missing_lines": 1, "excluded_lines": 0}, "missing_lines": [103], "excluded_lines": []}, "HTMLParser.parse": {"executed_lines": [], "summary": {"covered_lines": 0, "num_statements": 25, "percent_covered": 0.0, "percent_covered_display": "0", "missing_lines": 25, "excluded_lines": 0}, "missing_lines": [111, 112, 115, 116, 119, 122, 123, 126, 129, 130, 138, 139, 140, 141, 147, 148, 149, 150, 151, 152, 154, 155, 162, 174, 175], "excluded_lines": []}, "HTMLParser.get_format_type": {"executed_lines": [], "summary": {"covered_lines": 0, "num_statements": 1, "percent_covered": 0.0, "percent_covered_display": "0", "missing_lines": 1, "excluded_lines": 0}, "missing_lines": [182], "excluded_lines": []}, "JSONParser.parse": {"executed_lines": [], "summary": {"covered_lines": 0, "num_statements": 10, "percent_covered": 0.0, "percent_covered_display": "0", "missing_lines": 10, "excluded_lines": 0}, "missing_lines": [190, 191, 194, 195, 196, 199, 200, 202, 214, 215], "excluded_lines": []}, "JSONParser._extract_text_from_json": {"executed_lines": [], "summary": {"covered_lines": 0, "num_statements": 12, "percent_covered": 0.0, "percent_covered_display": "0", "missing_lines": 12, "excluded_lines": 0}, "missing_lines": [223, 224, 225, 226, 227, 228, 230, 231, 232, 233, 234, 235], "excluded_lines": []}, "JSONParser._create_sections_from_json": {"executed_lines": [], "summary": {"covered_lines": 0, "num_statements": 7, "percent_covered": 0.0, "percent_covered_display": "0", "missing_lines": 7, "excluded_lines": 0}, "missing_lines": [239, 240, 241, 242, 243, 248, 249], "excluded_lines": []}, "JSONParser._count_keys": {"executed_lines": [], "summary": {"covered_lines": 0, "num_statements": 5, "percent_covered": 0.0, "percent_covered_display": "0", "missing_lines": 5, "excluded_lines": 0}, "missing_lines": [253, 254, 255, 256, 257], "excluded_lines": []}, "JSONParser._calculate_depth": {"executed_lines": [], "summary": {"covered_lines": 0, "num_statements": 5, "percent_covered": 0.0, "percent_covered_display": "0", "missing_lines": 5, "excluded_lines": 0}, "missing_lines": [261, 262, 263, 264, 265], "excluded_lines": []}, "JSONParser._has_arrays": {"executed_lines": [], "summary": {"covered_lines": 0, "num_statements": 5, "percent_covered": 0.0, "percent_covered_display": "0", "missing_lines": 5, "excluded_lines": 0}, "missing_lines": [269, 270, 271, 272, 273], "excluded_lines": []}, "JSONParser.get_format_type": {"executed_lines": [], "summary": {"covered_lines": 0, "num_statements": 1, "percent_covered": 0.0, "percent_covered_display": "0", "missing_lines": 1, "excluded_lines": 0}, "missing_lines": [276], "excluded_lines": []}, "MarkdownParser.parse": {"executed_lines": [], "summary": {"covered_lines": 0, "num_statements": 27, "percent_covered": 0.0, "percent_covered_display": "0", "missing_lines": 27, "excluded_lines": 0}, "missing_lines": [284, 286, 287, 288, 291, 292, 295, 298, 299, 300, 301, 302, 303, 304, 311, 312, 313, 314, 315, 322, 323, 324, 325, 326, 331, 342, 343], "excluded_lines": []}, "MarkdownParser.get_format_type": {"executed_lines": [], "summary": {"covered_lines": 0, "num_statements": 1, "percent_covered": 0.0, "percent_covered_display": "0", "missing_lines": 1, "excluded_lines": 0}, "missing_lines": [350], "excluded_lines": []}, "TextParser.parse": {"executed_lines": [], "summary": {"covered_lines": 0, "num_statements": 14, "percent_covered": 0.0, "percent_covered_display": "0", "missing_lines": 14, "excluded_lines": 0}, "missing_lines": [359, 362, 363, 366, 367, 369, 370, 371, 373, 374, 378, 381, 382, 387], "excluded_lines": []}, "TextParser.get_format_type": {"executed_lines": [], "summary": {"covered_lines": 0, "num_statements": 1, "percent_covered": 0.0, "percent_covered_display": "0", "missing_lines": 1, "excluded_lines": 0}, "missing_lines": [401], "excluded_lines": []}, "detect_format": {"executed_lines": [], "summary": {"covered_lines": 0, "num_statements": 4, "percent_covered": 0.0, "percent_covered_display": "0", "missing_lines": 4, "excluded_lines": 0}, "missing_lines": [418, 419, 422, 433], "excluded_lines": []}, "parse_association_file": {"executed_lines": [], "summary": {"covered_lines": 0, "num_statements": 6, "percent_covered": 0.0, "percent_covered_display": "0", "missing_lines": 6, "excluded_lines": 0}, "missing_lines": [438, 439, 440, 442, 443, 445], "excluded_lines": []}, "get_available_parsers": {"executed_lines": [], "summary": {"covered_lines": 0, "num_statements": 1, "percent_covered": 0.0, "percent_covered_display": "0", "missing_lines": 1, "excluded_lines": 0}, "missing_lines": [450], "excluded_lines": []}, "register_parser": {"executed_lines": [], "summary": {"covered_lines": 0, "num_statements": 1, "percent_covered": 0.0, "percent_covered_display": "0", "missing_lines": 1, "excluded_lines": 0}, "missing_lines": [455], "excluded_lines": []}, "": {"executed_lines": [], "summary": {"covered_lines": 0, "num_statements": 46, "percent_covered": 0.0, "percent_covered_display": "0", "missing_lines": 46, "excluded_lines": 0}, "missing_lines": [7, 8, 9, 10, 11, 12, 13, 14, 15, 18, 19, 21, 22, 23, 24, 25, 28, 31, 32, 36, 37, 42, 45, 102, 106, 109, 181, 185, 188, 221, 237, 251, 259, 267, 275, 279, 282, 349, 353, 356, 400, 405, 416, 436, 448, 453], "excluded_lines": []}}, "classes": {"ParsedContent": {"executed_lines": [], "summary": {"covered_lines": 0, "num_statements": 0, "percent_covered": 100.0, "percent_covered_display": "100", "missing_lines": 0, "excluded_lines": 0}, "missing_lines": [], "excluded_lines": []}, "FormatParser": {"executed_lines": [], "summary": {"covered_lines": 0, "num_statements": 2, "percent_covered": 0.0, "percent_covered_display": "0", "missing_lines": 2, "excluded_lines": 0}, "missing_lines": [34, 39], "excluded_lines": []}, "CSVParser": {"executed_lines": [], "summary": {"covered_lines": 0, "num_statements": 20, "percent_covered": 0.0, "percent_covered_display": "0", "missing_lines": 20, "excluded_lines": 0}, "missing_lines": [47, 49, 50, 51, 53, 54, 61, 62, 65, 66, 67, 70, 71, 72, 74, 77, 84, 95, 96, 103], "excluded_lines": []}, "HTMLParser": {"executed_lines": [], "summary": {"covered_lines": 0, "num_statements": 26, "percent_covered": 0.0, "percent_covered_display": "0", "missing_lines": 26, "excluded_lines": 0}, "missing_lines": [111, 112, 115, 116, 119, 122, 123, 126, 129, 130, 138, 139, 140, 141, 147, 148, 149, 150, 151, 152, 154, 155, 162, 174, 175, 182], "excluded_lines": []}, "JSONParser": {"executed_lines": [], "summary": {"covered_lines": 0, "num_statements": 45, "percent_covered": 0.0, "percent_covered_display": "0", "missing_lines": 45, "excluded_lines": 0}, "missing_lines": [190, 191, 194, 195, 196, 199, 200, 202, 214, 215, 223, 224, 225, 226, 227, 228, 230, 231, 232, 233, 234, 235, 239, 240, 241, 242, 243, 248, 249, 253, 254, 255, 256, 257, 261, 262, 263, 264, 265, 269, 270, 271, 272, 273, 276], "excluded_lines": []}, "MarkdownParser": {"executed_lines": [], "summary": {"covered_lines": 0, "num_statements": 28, "percent_covered": 0.0, "percent_covered_display": "0", "missing_lines": 28, "excluded_lines": 0}, "missing_lines": [284, 286, 287, 288, 291, 292, 295, 298, 299, 300, 301, 302, 303, 304, 311, 312, 313, 314, 315, 322, 323, 324, 325, 326, 331, 342, 343, 350], "excluded_lines": []}, "TextParser": {"executed_lines": [], "summary": {"covered_lines": 0, "num_statements": 15, "percent_covered": 0.0, "percent_covered_display": "0", "missing_lines": 15, "excluded_lines": 0}, "missing_lines": [359, 362, 363, 366, 367, 369, 370, 371, 373, 374, 378, 381, 382, 387, 401], "excluded_lines": []}, "": {"executed_lines": [], "summary": {"covered_lines": 0, "num_statements": 58, "percent_covered": 0.0, "percent_covered_display": "0", "missing_lines": 58, "excluded_lines": 0}, "missing_lines": [7, 8, 9, 10, 11, 12, 13, 14, 15, 18, 19, 21, 22, 23, 24, 25, 28, 31, 32, 36, 37, 42, 45, 102, 106, 109, 181, 185, 188, 221, 237, 251, 259, 267, 275, 279, 282, 349, 353, 356, 400, 405, 416, 418, 419, 422, 433, 436, 438, 439, 440, 442, 443, 445, 448, 450, 453, 455], "excluded_lines": []}}}, "src\\compareblocks\\association\\pymupdf_matcher.py": {"executed_lines": [], "summary": {"covered_lines": 0, "num_statements": 569, "percent_covered": 0.0, "percent_covered_display": "0", "missing_lines": 569, "excluded_lines": 0}, "missing_lines": [7, 8, 9, 10, 11, 12, 13, 16, 17, 19, 20, 21, 22, 23, 24, 25, 26, 29, 32, 34, 36, 47, 50, 53, 56, 57, 58, 63, 65, 67, 69, 71, 72, 73, 75, 76, 77, 79, 80, 82, 90, 91, 93, 95, 97, 99, 100, 101, 103, 105, 106, 108, 109, 111, 119, 121, 124, 125, 126, 129, 130, 131, 132, 133, 134, 135, 136, 139, 141, 142, 143, 144, 145, 146, 149, 151, 152, 153, 154, 155, 158, 159, 161, 162, 163, 164, 165, 168, 169, 171, 172, 174, 176, 180, 182, 183, 184, 186, 188, 189, 202, 204, 208, 209, 210, 213, 214, 216, 217, 218, 220, 223, 226, 227, 229, 231, 244, 245, 246, 248, 251, 252, 253, 255, 256, 258, 271, 273, 277, 278, 279, 281, 282, 284, 285, 286, 288, 289, 291, 293, 297, 298, 299, 301, 302, 313, 315, 319, 320, 323, 325, 326, 327, 329, 332, 334, 335, 336, 339, 342, 343, 347, 348, 350, 352, 359, 360, 363, 364, 368, 369, 380, 382, 389, 391, 392, 393, 394, 396, 397, 399, 400, 401, 403, 406, 408, 409, 410, 413, 416, 421, 422, 423, 424, 426, 429, 431, 442, 444, 446, 452, 453, 455, 456, 457, 458, 461, 465, 466, 468, 469, 471, 473, 479, 480, 483, 485, 486, 489, 490, 491, 494, 495, 496, 499, 500, 501, 503, 505, 516, 517, 520, 521, 524, 526, 527, 531, 538, 539, 540, 542, 543, 544, 554, 556, 558, 560, 566, 568, 569, 572, 573, 574, 575, 576, 577, 578, 581, 582, 583, 585, 586, 589, 590, 592, 593, 594, 597, 598, 600, 601, 602, 605, 608, 609, 610, 611, 613, 615, 616, 617, 619, 620, 621, 623, 624, 627, 628, 630, 638, 640, 646, 648, 649, 652, 653, 655, 658, 659, 660, 661, 662, 663, 664, 667, 668, 670, 671, 672, 674, 675, 676, 679, 680, 682, 683, 684, 686, 689, 690, 691, 695, 697, 698, 699, 701, 702, 703, 705, 706, 708, 709, 712, 713, 716, 718, 727, 729, 735, 737, 738, 741, 742, 743, 744, 745, 746, 747, 750, 751, 752, 755, 756, 759, 760, 762, 764, 766, 768, 769, 772, 775, 777, 785, 787, 792, 793, 795, 796, 799, 800, 801, 802, 805, 809, 810, 811, 813, 814, 816, 819, 821, 822, 825, 826, 827, 828, 829, 830, 831, 834, 835, 838, 840, 841, 844, 848, 850, 858, 859, 861, 862, 863, 866, 867, 869, 870, 874, 875, 876, 879, 880, 881, 882, 883, 884, 887, 888, 891, 894, 895, 899, 902, 903, 911, 913, 916, 917, 919, 920, 923, 925, 926, 929, 931, 932, 933, 934, 944, 946, 948, 950, 954, 955, 956, 958, 959, 960, 962, 963, 964, 966, 969, 971, 976, 978, 980, 981, 982, 984, 985, 986, 987, 992, 993, 994, 995, 997, 1004, 1006, 1009, 1010, 1011, 1014, 1015, 1016, 1017, 1018, 1020, 1021, 1024, 1027, 1030, 1031, 1033, 1034, 1035, 1036, 1038, 1039, 1049, 1051, 1053, 1055, 1061, 1062, 1064, 1065, 1066, 1067, 1069, 1070, 1073, 1074, 1075, 1077, 1078, 1080, 1081, 1082, 1085, 1087, 1092, 1093, 1094, 1095, 1097, 1100, 1102, 1113, 1114, 1116, 1118, 1121, 1123, 1124, 1125, 1127, 1128, 1129, 1130, 1132, 1134, 1135, 1138, 1139, 1142, 1143, 1144, 1145, 1148, 1149, 1150, 1151, 1153, 1156, 1157, 1159, 1161, 1162, 1164, 1165, 1168, 1169, 1170, 1173, 1174, 1175, 1176, 1179, 1180, 1181, 1184, 1185, 1186, 1189, 1192, 1205, 1206], "excluded_lines": [], "functions": {"PyMuPDFBlockMatcher.__init__": {"executed_lines": [], "summary": {"covered_lines": 0, "num_statements": 1, "percent_covered": 0.0, "percent_covered_display": "0", "missing_lines": 1, "excluded_lines": 0}, "missing_lines": [34], "excluded_lines": []}, "PyMuPDFBlockMatcher.match_blocks": {"executed_lines": [], "summary": {"covered_lines": 0, "num_statements": 8, "percent_covered": 0.0, "percent_covered_display": "0", "missing_lines": 8, "excluded_lines": 0}, "missing_lines": [47, 50, 53, 56, 57, 58, 63, 65], "excluded_lines": []}, "PyMuPDFBlockMatcher._extract_gbg_blocks_by_page": {"executed_lines": [], "summary": {"covered_lines": 0, "num_statements": 13, "percent_covered": 0.0, "percent_covered_display": "0", "missing_lines": 13, "excluded_lines": 0}, "missing_lines": [69, 71, 72, 73, 75, 76, 77, 79, 80, 82, 90, 91, 93], "excluded_lines": []}, "PyMuPDFBlockMatcher._extract_engine_blocks_by_page": {"executed_lines": [], "summary": {"covered_lines": 0, "num_statements": 11, "percent_covered": 0.0, "percent_covered_display": "0", "missing_lines": 11, "excluded_lines": 0}, "missing_lines": [97, 99, 100, 101, 103, 105, 106, 108, 109, 111, 119], "excluded_lines": []}, "PyMuPDFBlockMatcher._match_blocks_on_page": {"executed_lines": [], "summary": {"covered_lines": 0, "num_statements": 36, "percent_covered": 0.0, "percent_covered_display": "0", "missing_lines": 36, "excluded_lines": 0}, "missing_lines": [124, 125, 126, 129, 130, 131, 132, 133, 134, 135, 136, 139, 141, 142, 143, 144, 145, 146, 149, 151, 152, 153, 154, 155, 158, 159, 161, 162, 163, 164, 165, 168, 169, 171, 172, 174], "excluded_lines": []}, "PyMuPDFBlockMatcher._find_exact_text_match": {"executed_lines": [], "summary": {"covered_lines": 0, "num_statements": 8, "percent_covered": 0.0, "percent_covered_display": "0", "missing_lines": 8, "excluded_lines": 0}, "missing_lines": [180, 182, 183, 184, 186, 188, 189, 202], "excluded_lines": []}, "PyMuPDFBlockMatcher._find_similarity_match": {"executed_lines": [], "summary": {"covered_lines": 0, "num_statements": 25, "percent_covered": 0.0, "percent_covered_display": "0", "missing_lines": 25, "excluded_lines": 0}, "missing_lines": [208, 209, 210, 213, 214, 216, 217, 218, 220, 223, 226, 227, 229, 231, 244, 245, 246, 248, 251, 252, 253, 255, 256, 258, 271], "excluded_lines": []}, "PyMuPDFBlockMatcher._find_positional_match": {"executed_lines": [], "summary": {"covered_lines": 0, "num_statements": 18, "percent_covered": 0.0, "percent_covered_display": "0", "missing_lines": 18, "excluded_lines": 0}, "missing_lines": [277, 278, 279, 281, 282, 284, 285, 286, 288, 289, 291, 293, 297, 298, 299, 301, 302, 313], "excluded_lines": []}, "PyMuPDFBlockMatcher._find_single_char_match": {"executed_lines": [], "summary": {"covered_lines": 0, "num_statements": 25, "percent_covered": 0.0, "percent_covered_display": "0", "missing_lines": 25, "excluded_lines": 0}, "missing_lines": [319, 320, 323, 325, 326, 327, 329, 332, 334, 335, 336, 339, 342, 343, 347, 348, 350, 352, 359, 360, 363, 364, 368, 369, 380], "excluded_lines": []}, "PyMuPDFBlockMatcher._find_spatial_first_matches": {"executed_lines": [], "summary": {"covered_lines": 0, "num_statements": 26, "percent_covered": 0.0, "percent_covered_display": "0", "missing_lines": 26, "excluded_lines": 0}, "missing_lines": [389, 391, 392, 393, 394, 396, 397, 399, 400, 401, 403, 406, 408, 409, 410, 413, 416, 421, 422, 423, 424, 426, 429, 431, 442, 444], "excluded_lines": []}, "PyMuPDFBlockMatcher._find_combination_matches": {"executed_lines": [], "summary": {"covered_lines": 0, "num_statements": 12, "percent_covered": 0.0, "percent_covered_display": "0", "missing_lines": 12, "excluded_lines": 0}, "missing_lines": [452, 453, 455, 456, 457, 458, 461, 465, 466, 468, 469, 471], "excluded_lines": []}, "PyMuPDFBlockMatcher._find_best_combination_for_gbg_block": {"executed_lines": [], "summary": {"covered_lines": 0, "num_statements": 15, "percent_covered": 0.0, "percent_covered_display": "0", "missing_lines": 15, "excluded_lines": 0}, "missing_lines": [479, 480, 483, 485, 486, 489, 490, 491, 494, 495, 496, 499, 500, 501, 503], "excluded_lines": []}, "PyMuPDFBlockMatcher._find_character_combination": {"executed_lines": [], "summary": {"covered_lines": 0, "num_statements": 17, "percent_covered": 0.0, "percent_covered_display": "0", "missing_lines": 17, "excluded_lines": 0}, "missing_lines": [516, 517, 520, 521, 524, 526, 527, 531, 538, 539, 540, 542, 543, 544, 554, 556, 558], "excluded_lines": []}, "PyMuPDFBlockMatcher._find_sequential_character_match": {"executed_lines": [], "summary": {"covered_lines": 0, "num_statements": 43, "percent_covered": 0.0, "percent_covered_display": "0", "missing_lines": 43, "excluded_lines": 0}, "missing_lines": [566, 568, 569, 572, 573, 574, 575, 576, 577, 578, 581, 582, 583, 585, 586, 589, 590, 592, 593, 594, 597, 598, 600, 601, 602, 605, 608, 609, 610, 611, 613, 615, 616, 617, 619, 620, 621, 623, 624, 627, 628, 630, 638], "excluded_lines": []}, "PyMuPDFBlockMatcher._find_word_boundary_character_match": {"executed_lines": [], "summary": {"covered_lines": 0, "num_statements": 46, "percent_covered": 0.0, "percent_covered_display": "0", "missing_lines": 46, "excluded_lines": 0}, "missing_lines": [646, 648, 649, 652, 653, 655, 658, 659, 660, 661, 662, 663, 664, 667, 668, 670, 671, 672, 674, 675, 676, 679, 680, 682, 683, 684, 686, 689, 690, 691, 695, 697, 698, 699, 701, 702, 703, 705, 706, 708, 709, 712, 713, 716, 718, 727], "excluded_lines": []}, "PyMuPDFBlockMatcher._find_relaxed_spatial_character_match": {"executed_lines": [], "summary": {"covered_lines": 0, "num_statements": 26, "percent_covered": 0.0, "percent_covered_display": "0", "missing_lines": 26, "excluded_lines": 0}, "missing_lines": [735, 737, 738, 741, 742, 743, 744, 745, 746, 747, 750, 751, 752, 755, 756, 759, 760, 762, 764, 766, 768, 769, 772, 775, 777, 785], "excluded_lines": []}, "PyMuPDFBlockMatcher._calculate_sequence_proximity": {"executed_lines": [], "summary": {"covered_lines": 0, "num_statements": 14, "percent_covered": 0.0, "percent_covered_display": "0", "missing_lines": 14, "excluded_lines": 0}, "missing_lines": [792, 793, 795, 796, 799, 800, 801, 802, 805, 809, 810, 811, 813, 814], "excluded_lines": []}, "PyMuPDFBlockMatcher._find_best_char_sequence": {"executed_lines": [], "summary": {"covered_lines": 0, "num_statements": 17, "percent_covered": 0.0, "percent_covered_display": "0", "missing_lines": 17, "excluded_lines": 0}, "missing_lines": [819, 821, 822, 825, 826, 827, 828, 829, 830, 831, 834, 835, 838, 840, 841, 844, 848], "excluded_lines": []}, "PyMuPDFBlockMatcher._find_spatially_coherent_sequence": {"executed_lines": [], "summary": {"covered_lines": 0, "num_statements": 27, "percent_covered": 0.0, "percent_covered_display": "0", "missing_lines": 27, "excluded_lines": 0}, "missing_lines": [858, 859, 861, 862, 863, 866, 867, 869, 870, 874, 875, 876, 879, 880, 881, 882, 883, 884, 887, 888, 891, 894, 895, 899, 902, 903, 911], "excluded_lines": []}, "PyMuPDFBlockMatcher._find_word_combination": {"executed_lines": [], "summary": {"covered_lines": 0, "num_statements": 15, "percent_covered": 0.0, "percent_covered_display": "0", "missing_lines": 15, "excluded_lines": 0}, "missing_lines": [916, 917, 919, 920, 923, 925, 926, 929, 931, 932, 933, 934, 944, 946, 948], "excluded_lines": []}, "PyMuPDFBlockMatcher._find_word_sequence": {"executed_lines": [], "summary": {"covered_lines": 0, "num_statements": 27, "percent_covered": 0.0, "percent_covered_display": "0", "missing_lines": 27, "excluded_lines": 0}, "missing_lines": [954, 955, 956, 958, 959, 960, 962, 963, 964, 966, 969, 971, 976, 978, 980, 981, 982, 984, 985, 986, 987, 992, 993, 994, 995, 997, 1004], "excluded_lines": []}, "PyMuPDFBlockMatcher._find_spatial_combination": {"executed_lines": [], "summary": {"covered_lines": 0, "num_statements": 23, "percent_covered": 0.0, "percent_covered_display": "0", "missing_lines": 23, "excluded_lines": 0}, "missing_lines": [1009, 1010, 1011, 1014, 1015, 1016, 1017, 1018, 1020, 1021, 1024, 1027, 1030, 1031, 1033, 1034, 1035, 1036, 1038, 1039, 1049, 1051, 1053], "excluded_lines": []}, "PyMuPDFBlockMatcher._force_remaining_matches": {"executed_lines": [], "summary": {"covered_lines": 0, "num_statements": 28, "percent_covered": 0.0, "percent_covered_display": "0", "missing_lines": 28, "excluded_lines": 0}, "missing_lines": [1061, 1062, 1064, 1065, 1066, 1067, 1069, 1070, 1073, 1074, 1075, 1077, 1078, 1080, 1081, 1082, 1085, 1087, 1092, 1093, 1094, 1095, 1097, 1100, 1102, 1113, 1114, 1116], "excluded_lines": []}, "PyMuPDFBlockMatcher._normalize_text": {"executed_lines": [], "summary": {"covered_lines": 0, "num_statements": 8, "percent_covered": 0.0, "percent_covered_display": "0", "missing_lines": 8, "excluded_lines": 0}, "missing_lines": [1121, 1123, 1124, 1125, 1127, 1128, 1129, 1130], "excluded_lines": []}, "PyMuPDFBlockMatcher._calculate_comprehensive_similarity": {"executed_lines": [], "summary": {"covered_lines": 0, "num_statements": 15, "percent_covered": 0.0, "percent_covered_display": "0", "missing_lines": 15, "excluded_lines": 0}, "missing_lines": [1134, 1135, 1138, 1139, 1142, 1143, 1144, 1145, 1148, 1149, 1150, 1151, 1153, 1156, 1157], "excluded_lines": []}, "PyMuPDFBlockMatcher._calculate_bbox_similarity": {"executed_lines": [], "summary": {"covered_lines": 0, "num_statements": 18, "percent_covered": 0.0, "percent_covered_display": "0", "missing_lines": 18, "excluded_lines": 0}, "missing_lines": [1161, 1162, 1164, 1165, 1168, 1169, 1170, 1173, 1174, 1175, 1176, 1179, 1180, 1181, 1184, 1185, 1186, 1189], "excluded_lines": []}, "match_pymupdf_blocks_to_gbg": {"executed_lines": [], "summary": {"covered_lines": 0, "num_statements": 2, "percent_covered": 0.0, "percent_covered_display": "0", "missing_lines": 2, "excluded_lines": 0}, "missing_lines": [1205, 1206], "excluded_lines": []}, "": {"executed_lines": [], "summary": {"covered_lines": 0, "num_statements": 45, "percent_covered": 0.0, "percent_covered_display": "0", "missing_lines": 45, "excluded_lines": 0}, "missing_lines": [7, 8, 9, 10, 11, 12, 13, 16, 17, 19, 20, 21, 22, 23, 24, 25, 26, 29, 32, 36, 67, 95, 121, 176, 204, 273, 315, 382, 446, 473, 505, 560, 640, 729, 787, 816, 850, 913, 950, 1006, 1055, 1118, 1132, 1159, 1192], "excluded_lines": []}}, "classes": {"PyMuPDFMatch": {"executed_lines": [], "summary": {"covered_lines": 0, "num_statements": 0, "percent_covered": 100.0, "percent_covered_display": "100", "missing_lines": 0, "excluded_lines": 0}, "missing_lines": [], "excluded_lines": []}, "PyMuPDFBlockMatcher": {"executed_lines": [], "summary": {"covered_lines": 0, "num_statements": 522, "percent_covered": 0.0, "percent_covered_display": "0", "missing_lines": 522, "excluded_lines": 0}, "missing_lines": [34, 47, 50, 53, 56, 57, 58, 63, 65, 69, 71, 72, 73, 75, 76, 77, 79, 80, 82, 90, 91, 93, 97, 99, 100, 101, 103, 105, 106, 108, 109, 111, 119, 124, 125, 126, 129, 130, 131, 132, 133, 134, 135, 136, 139, 141, 142, 143, 144, 145, 146, 149, 151, 152, 153, 154, 155, 158, 159, 161, 162, 163, 164, 165, 168, 169, 171, 172, 174, 180, 182, 183, 184, 186, 188, 189, 202, 208, 209, 210, 213, 214, 216, 217, 218, 220, 223, 226, 227, 229, 231, 244, 245, 246, 248, 251, 252, 253, 255, 256, 258, 271, 277, 278, 279, 281, 282, 284, 285, 286, 288, 289, 291, 293, 297, 298, 299, 301, 302, 313, 319, 320, 323, 325, 326, 327, 329, 332, 334, 335, 336, 339, 342, 343, 347, 348, 350, 352, 359, 360, 363, 364, 368, 369, 380, 389, 391, 392, 393, 394, 396, 397, 399, 400, 401, 403, 406, 408, 409, 410, 413, 416, 421, 422, 423, 424, 426, 429, 431, 442, 444, 452, 453, 455, 456, 457, 458, 461, 465, 466, 468, 469, 471, 479, 480, 483, 485, 486, 489, 490, 491, 494, 495, 496, 499, 500, 501, 503, 516, 517, 520, 521, 524, 526, 527, 531, 538, 539, 540, 542, 543, 544, 554, 556, 558, 566, 568, 569, 572, 573, 574, 575, 576, 577, 578, 581, 582, 583, 585, 586, 589, 590, 592, 593, 594, 597, 598, 600, 601, 602, 605, 608, 609, 610, 611, 613, 615, 616, 617, 619, 620, 621, 623, 624, 627, 628, 630, 638, 646, 648, 649, 652, 653, 655, 658, 659, 660, 661, 662, 663, 664, 667, 668, 670, 671, 672, 674, 675, 676, 679, 680, 682, 683, 684, 686, 689, 690, 691, 695, 697, 698, 699, 701, 702, 703, 705, 706, 708, 709, 712, 713, 716, 718, 727, 735, 737, 738, 741, 742, 743, 744, 745, 746, 747, 750, 751, 752, 755, 756, 759, 760, 762, 764, 766, 768, 769, 772, 775, 777, 785, 792, 793, 795, 796, 799, 800, 801, 802, 805, 809, 810, 811, 813, 814, 819, 821, 822, 825, 826, 827, 828, 829, 830, 831, 834, 835, 838, 840, 841, 844, 848, 858, 859, 861, 862, 863, 866, 867, 869, 870, 874, 875, 876, 879, 880, 881, 882, 883, 884, 887, 888, 891, 894, 895, 899, 902, 903, 911, 916, 917, 919, 920, 923, 925, 926, 929, 931, 932, 933, 934, 944, 946, 948, 954, 955, 956, 958, 959, 960, 962, 963, 964, 966, 969, 971, 976, 978, 980, 981, 982, 984, 985, 986, 987, 992, 993, 994, 995, 997, 1004, 1009, 1010, 1011, 1014, 1015, 1016, 1017, 1018, 1020, 1021, 1024, 1027, 1030, 1031, 1033, 1034, 1035, 1036, 1038, 1039, 1049, 1051, 1053, 1061, 1062, 1064, 1065, 1066, 1067, 1069, 1070, 1073, 1074, 1075, 1077, 1078, 1080, 1081, 1082, 1085, 1087, 1092, 1093, 1094, 1095, 1097, 1100, 1102, 1113, 1114, 1116, 1121, 1123, 1124, 1125, 1127, 1128, 1129, 1130, 1134, 1135, 1138, 1139, 1142, 1143, 1144, 1145, 1148, 1149, 1150, 1151, 1153, 1156, 1157, 1161, 1162, 1164, 1165, 1168, 1169, 1170, 1173, 1174, 1175, 1176, 1179, 1180, 1181, 1184, 1185, 1186, 1189], "excluded_lines": []}, "": {"executed_lines": [], "summary": {"covered_lines": 0, "num_statements": 47, "percent_covered": 0.0, "percent_covered_display": "0", "missing_lines": 47, "excluded_lines": 0}, "missing_lines": [7, 8, 9, 10, 11, 12, 13, 16, 17, 19, 20, 21, 22, 23, 24, 25, 26, 29, 32, 36, 67, 95, 121, 176, 204, 273, 315, 382, 446, 473, 505, 560, 640, 729, 787, 816, 850, 913, 950, 1006, 1055, 1118, 1132, 1159, 1192, 1205, 1206], "excluded_lines": []}}}, "src\\compareblocks\\association\\tesseract_matcher.py": {"executed_lines": [], "summary": {"covered_lines": 0, "num_statements": 208, "percent_covered": 0.0, "percent_covered_display": "0", "missing_lines": 208, "excluded_lines": 0}, "missing_lines": [7, 8, 9, 10, 11, 14, 15, 17, 18, 19, 20, 21, 22, 23, 24, 25, 26, 29, 32, 39, 40, 42, 44, 60, 71, 74, 77, 80, 81, 82, 87, 89, 91, 93, 95, 96, 97, 99, 100, 101, 103, 104, 106, 114, 115, 117, 119, 121, 123, 124, 125, 127, 129, 130, 132, 133, 135, 144, 146, 149, 150, 151, 154, 155, 156, 158, 159, 160, 162, 163, 164, 165, 166, 167, 170, 171, 173, 174, 175, 177, 178, 179, 180, 181, 183, 184, 185, 186, 189, 190, 192, 193, 194, 196, 197, 198, 199, 200, 202, 203, 204, 205, 208, 209, 211, 212, 213, 215, 216, 217, 218, 219, 221, 222, 223, 224, 226, 228, 230, 231, 234, 235, 237, 238, 253, 255, 257, 258, 261, 262, 265, 267, 268, 283, 285, 287, 288, 291, 292, 294, 295, 298, 299, 301, 303, 304, 319, 321, 323, 324, 327, 328, 331, 333, 335, 337, 338, 353, 355, 357, 360, 361, 364, 366, 368, 371, 372, 373, 374, 377, 378, 379, 380, 382, 384, 386, 389, 395, 396, 397, 398, 401, 402, 403, 404, 406, 408, 410, 411, 414, 415, 416, 417, 420, 421, 422, 423, 426, 427, 429, 430, 431, 433, 434, 437, 438, 439, 441], "excluded_lines": [], "functions": {"TesseractBlockMatcher.__init__": {"executed_lines": [], "summary": {"covered_lines": 0, "num_statements": 2, "percent_covered": 0.0, "percent_covered_display": "0", "missing_lines": 2, "excluded_lines": 0}, "missing_lines": [39, 40], "excluded_lines": []}, "TesseractBlockMatcher._build_ocr_artifact_patterns": {"executed_lines": [], "summary": {"covered_lines": 0, "num_statements": 1, "percent_covered": 0.0, "percent_covered_display": "0", "missing_lines": 1, "excluded_lines": 0}, "missing_lines": [44], "excluded_lines": []}, "TesseractBlockMatcher.match_blocks": {"executed_lines": [], "summary": {"covered_lines": 0, "num_statements": 8, "percent_covered": 0.0, "percent_covered_display": "0", "missing_lines": 8, "excluded_lines": 0}, "missing_lines": [71, 74, 77, 80, 81, 82, 87, 89], "excluded_lines": []}, "TesseractBlockMatcher._extract_gbg_blocks_by_page": {"executed_lines": [], "summary": {"covered_lines": 0, "num_statements": 13, "percent_covered": 0.0, "percent_covered_display": "0", "missing_lines": 13, "excluded_lines": 0}, "missing_lines": [93, 95, 96, 97, 99, 100, 101, 103, 104, 106, 114, 115, 117], "excluded_lines": []}, "TesseractBlockMatcher._extract_engine_blocks_by_page": {"executed_lines": [], "summary": {"covered_lines": 0, "num_statements": 11, "percent_covered": 0.0, "percent_covered_display": "0", "missing_lines": 11, "excluded_lines": 0}, "missing_lines": [121, 123, 124, 125, 127, 129, 130, 132, 133, 135, 144], "excluded_lines": []}, "TesseractBlockMatcher._match_blocks_on_page": {"executed_lines": [], "summary": {"covered_lines": 0, "num_statements": 58, "percent_covered": 0.0, "percent_covered_display": "0", "missing_lines": 58, "excluded_lines": 0}, "missing_lines": [149, 150, 151, 154, 155, 156, 158, 159, 160, 162, 163, 164, 165, 166, 167, 170, 171, 173, 174, 175, 177, 178, 179, 180, 181, 183, 184, 185, 186, 189, 190, 192, 193, 194, 196, 197, 198, 199, 200, 202, 203, 204, 205, 208, 209, 211, 212, 213, 215, 216, 217, 218, 219, 221, 222, 223, 224, 226], "excluded_lines": []}, "TesseractBlockMatcher._try_exact_match": {"executed_lines": [], "summary": {"covered_lines": 0, "num_statements": 7, "percent_covered": 0.0, "percent_covered_display": "0", "missing_lines": 7, "excluded_lines": 0}, "missing_lines": [230, 231, 234, 235, 237, 238, 253], "excluded_lines": []}, "TesseractBlockMatcher._try_ocr_normalized_match": {"executed_lines": [], "summary": {"covered_lines": 0, "num_statements": 8, "percent_covered": 0.0, "percent_covered_display": "0", "missing_lines": 8, "excluded_lines": 0}, "missing_lines": [257, 258, 261, 262, 265, 267, 268, 283], "excluded_lines": []}, "TesseractBlockMatcher._try_fuzzy_content_match": {"executed_lines": [], "summary": {"covered_lines": 0, "num_statements": 12, "percent_covered": 0.0, "percent_covered_display": "0", "missing_lines": 12, "excluded_lines": 0}, "missing_lines": [287, 288, 291, 292, 294, 295, 298, 299, 301, 303, 304, 319], "excluded_lines": []}, "TesseractBlockMatcher._try_pattern_match": {"executed_lines": [], "summary": {"covered_lines": 0, "num_statements": 10, "percent_covered": 0.0, "percent_covered_display": "0", "missing_lines": 10, "excluded_lines": 0}, "missing_lines": [323, 324, 327, 328, 331, 333, 335, 337, 338, 353], "excluded_lines": []}, "TesseractBlockMatcher._normalize_ocr_text": {"executed_lines": [], "summary": {"covered_lines": 0, "num_statements": 5, "percent_covered": 0.0, "percent_covered_display": "0", "missing_lines": 5, "excluded_lines": 0}, "missing_lines": [357, 360, 361, 364, 366], "excluded_lines": []}, "TesseractBlockMatcher._extract_content_words": {"executed_lines": [], "summary": {"covered_lines": 0, "num_statements": 9, "percent_covered": 0.0, "percent_covered_display": "0", "missing_lines": 9, "excluded_lines": 0}, "missing_lines": [371, 372, 373, 374, 377, 378, 379, 380, 382], "excluded_lines": []}, "TesseractBlockMatcher._extract_text_patterns": {"executed_lines": [], "summary": {"covered_lines": 0, "num_statements": 11, "percent_covered": 0.0, "percent_covered_display": "0", "missing_lines": 11, "excluded_lines": 0}, "missing_lines": [386, 389, 395, 396, 397, 398, 401, 402, 403, 404, 406], "excluded_lines": []}, "TesseractBlockMatcher._calculate_bbox_similarity": {"executed_lines": [], "summary": {"covered_lines": 0, "num_statements": 21, "percent_covered": 0.0, "percent_covered_display": "0", "missing_lines": 21, "excluded_lines": 0}, "missing_lines": [410, 411, 414, 415, 416, 417, 420, 421, 422, 423, 426, 427, 429, 430, 431, 433, 434, 437, 438, 439, 441], "excluded_lines": []}, "": {"executed_lines": [], "summary": {"covered_lines": 0, "num_statements": 32, "percent_covered": 0.0, "percent_covered_display": "0", "missing_lines": 32, "excluded_lines": 0}, "missing_lines": [7, 8, 9, 10, 11, 14, 15, 17, 18, 19, 20, 21, 22, 23, 24, 25, 26, 29, 32, 42, 60, 91, 119, 146, 228, 255, 285, 321, 355, 368, 384, 408], "excluded_lines": []}}, "classes": {"TesseractMatch": {"executed_lines": [], "summary": {"covered_lines": 0, "num_statements": 0, "percent_covered": 100.0, "percent_covered_display": "100", "missing_lines": 0, "excluded_lines": 0}, "missing_lines": [], "excluded_lines": []}, "TesseractBlockMatcher": {"executed_lines": [], "summary": {"covered_lines": 0, "num_statements": 176, "percent_covered": 0.0, "percent_covered_display": "0", "missing_lines": 176, "excluded_lines": 0}, "missing_lines": [39, 40, 44, 71, 74, 77, 80, 81, 82, 87, 89, 93, 95, 96, 97, 99, 100, 101, 103, 104, 106, 114, 115, 117, 121, 123, 124, 125, 127, 129, 130, 132, 133, 135, 144, 149, 150, 151, 154, 155, 156, 158, 159, 160, 162, 163, 164, 165, 166, 167, 170, 171, 173, 174, 175, 177, 178, 179, 180, 181, 183, 184, 185, 186, 189, 190, 192, 193, 194, 196, 197, 198, 199, 200, 202, 203, 204, 205, 208, 209, 211, 212, 213, 215, 216, 217, 218, 219, 221, 222, 223, 224, 226, 230, 231, 234, 235, 237, 238, 253, 257, 258, 261, 262, 265, 267, 268, 283, 287, 288, 291, 292, 294, 295, 298, 299, 301, 303, 304, 319, 323, 324, 327, 328, 331, 333, 335, 337, 338, 353, 357, 360, 361, 364, 366, 371, 372, 373, 374, 377, 378, 379, 380, 382, 386, 389, 395, 396, 397, 398, 401, 402, 403, 404, 406, 410, 411, 414, 415, 416, 417, 420, 421, 422, 423, 426, 427, 429, 430, 431, 433, 434, 437, 438, 439, 441], "excluded_lines": []}, "": {"executed_lines": [], "summary": {"covered_lines": 0, "num_statements": 32, "percent_covered": 0.0, "percent_covered_display": "0", "missing_lines": 32, "excluded_lines": 0}, "missing_lines": [7, 8, 9, 10, 11, 14, 15, 17, 18, 19, 20, 21, 22, 23, 24, 25, 26, 29, 32, 42, 60, 91, 119, 146, 228, 255, 285, 321, 355, 368, 384, 408], "excluded_lines": []}}}, "src\\compareblocks\\config\\engine_config.py": {"executed_lines": [2, 8, 9, 10, 11, 12, 13, 14, 15, 18, 19, 20, 21, 22, 23, 26, 27, 28, 29, 30, 31, 32, 35, 36, 37, 38, 39, 40, 41, 42, 43, 44, 45, 46, 47, 48, 49, 50, 53, 54, 55, 56, 57, 58, 59, 60, 61, 62, 65, 66, 67, 68, 69, 70, 71, 72, 73, 76, 77, 78, 79, 80, 81, 82, 83, 84, 85, 86, 87, 88, 89, 90, 91, 92, 94, 101, 102, 170, 171, 173, 179, 184, 212, 239, 245, 273, 295, 327, 335, 343, 358, 408, 441, 527, 742, 895, 899, 910, 915, 922, 933, 1017, 1045, 1062, 1087, 1103, 1141, 1146], "summary": {"covered_lines": 100, "num_statements": 339, "percent_covered": 29.49852507374631, "percent_covered_display": "29", "missing_lines": 239, "excluded_lines": 0}, "missing_lines": [96, 98, 99, 104, 105, 108, 109, 110, 112, 127, 129, 130, 133, 134, 135, 136, 145, 147, 148, 151, 152, 153, 154, 162, 164, 165, 167, 175, 176, 177, 181, 182, 186, 208, 209, 210, 214, 216, 217, 218, 219, 221, 236, 237, 241, 242, 247, 248, 250, 251, 252, 254, 270, 271, 275, 277, 279, 281, 283, 284, 286, 287, 288, 290, 291, 293, 297, 298, 299, 301, 302, 304, 305, 306, 307, 309, 325, 329, 330, 331, 333, 337, 338, 339, 341, 345, 346, 347, 349, 350, 351, 352, 353, 354, 356, 360, 361, 362, 364, 365, 366, 369, 370, 371, 372, 373, 374, 375, 376, 377, 379, 380, 381, 382, 383, 384, 385, 386, 387, 389, 390, 391, 393, 394, 395, 398, 399, 401, 402, 403, 404, 406, 410, 413, 416, 417, 418, 419, 421, 422, 423, 426, 427, 428, 429, 431, 439, 443, 525, 529, 740, 744, 893, 897, 901, 902, 904, 905, 906, 907, 908, 912, 913, 917, 918, 920, 924, 925, 927, 928, 929, 930, 931, 935, 936, 938, 939, 942, 943, 944, 945, 948, 949, 952, 1010, 1011, 1013, 1015, 1019, 1022, 1025, 1026, 1029, 1030, 1031, 1034, 1041, 1043, 1047, 1050, 1051, 1052, 1053, 1054, 1055, 1058, 1059, 1060, 1065, 1066, 1068, 1084, 1085, 1089, 1090, 1093, 1100, 1101, 1105, 1106, 1109, 1112, 1113, 1116, 1117, 1134, 1137, 1139, 1143, 1144, 1148, 1151, 1154, 1155, 1156, 1159, 1160, 1163, 1165], "excluded_lines": [], "functions": {"EngineConfiguration.to_ndjson_line": {"executed_lines": [], "summary": {"covered_lines": 0, "num_statements": 3, "percent_covered": 0.0, "percent_covered_display": "0", "missing_lines": 3, "excluded_lines": 0}, "missing_lines": [96, 98, 99], "excluded_lines": []}, "EngineConfiguration.from_ndjson_line": {"executed_lines": [], "summary": {"covered_lines": 0, "num_statements": 24, "percent_covered": 0.0, "percent_covered_display": "0", "missing_lines": 24, "excluded_lines": 0}, "missing_lines": [104, 105, 108, 109, 110, 112, 127, 129, 130, 133, 134, 135, 136, 145, 147, 148, 151, 152, 153, 154, 162, 164, 165, 167], "excluded_lines": []}, "EngineConfigurationManager.__init__": {"executed_lines": [], "summary": {"covered_lines": 0, "num_statements": 3, "percent_covered": 0.0, "percent_covered_display": "0", "missing_lines": 3, "excluded_lines": 0}, "missing_lines": [175, 176, 177], "excluded_lines": []}, "EngineConfigurationManager._ensure_parent_configs": {"executed_lines": [], "summary": {"covered_lines": 0, "num_statements": 2, "percent_covered": 0.0, "percent_covered_display": "0", "missing_lines": 2, "excluded_lines": 0}, "missing_lines": [181, 182], "excluded_lines": []}, "EngineConfigurationManager._create_default_parent_configs": {"executed_lines": [], "summary": {"covered_lines": 0, "num_statements": 4, "percent_covered": 0.0, "percent_covered_display": "0", "missing_lines": 4, "excluded_lines": 0}, "missing_lines": [186, 208, 209, 210], "excluded_lines": []}, "EngineConfigurat
[...]
luded_lines": 0}, "missing_lines": [88, 89, 90, 91, 92, 95, 96, 98, 100, 103, 104, 105, 109, 111, 112, 113, 114, 115, 119, 126, 127, 129, 131, 132, 133, 135, 143, 144, 146, 163, 168, 169, 170, 172, 173, 177, 179, 180, 181, 182, 183, 184, 185, 187, 188, 189, 190, 191, 193, 197, 198, 200, 202, 203, 205, 209, 211, 212, 215, 216, 220, 221, 222, 223, 225, 227, 228, 230, 235, 242, 243, 245, 246, 249, 250, 251, 252, 254, 255, 260, 264, 267, 268, 270, 271, 275, 277, 278, 279, 281, 286, 294, 295, 297, 313, 315, 318, 319, 325, 326, 329, 330, 333, 335, 336, 338, 340, 343, 346, 348, 349, 352, 353, 354, 355, 357, 365, 366, 367, 368, 370, 372, 374, 375, 377, 392, 394, 396, 397, 398, 401, 404, 405, 407, 408, 409, 410, 412, 414, 417, 422, 423, 425, 436, 437, 439, 440, 442, 454, 457, 460, 463, 464, 465, 466, 468, 469, 470, 473, 476, 477, 478, 479, 481, 489, 497, 499, 505, 506, 508, 509, 510, 511, 512, 513, 515, 519, 521, 522, 523, 524, 526, 532, 535, 536, 537, 539, 551, 552, 556, 558, 570, 571, 575, 577, 586, 587, 591, 592, 596, 598, 599, 602, 603, 605, 606, 608, 609, 610, 611, 612, 615, 617, 618, 620, 621, 622, 623, 625], "excluded_lines": []}, "": {"executed_lines": [], "summary": {"covered_lines": 0, "num_statements": 90, "percent_covered": 0.0, "percent_covered_display": "0", "missing_lines": 90, "excluded_lines": 0}, "missing_lines": [11, 12, 13, 14, 15, 16, 17, 18, 20, 21, 22, 23, 24, 25, 28, 30, 31, 32, 33, 36, 38, 39, 40, 43, 44, 46, 47, 48, 49, 50, 51, 52, 53, 54, 55, 56, 57, 58, 59, 62, 63, 65, 66, 67, 68, 71, 72, 74, 75, 76, 77, 78, 79, 80, 83, 86, 107, 117, 137, 165, 175, 195, 207, 232, 262, 283, 299, 379, 444, 501, 517, 528, 554, 573, 589, 594, 629, 632, 633, 636, 638, 639, 642, 644, 645, 648, 650, 652, 653, 655], "excluded_lines": []}}}, "src\\compareblocks\\project\\__init__.py": {"executed_lines": [], "summary": {"covered_lines": 0, "num_statements": 2, "percent_covered": 0.0, "percent_covered_display": "0", "missing_lines": 2, "excluded_lines": 0}, "missing_lines": [7, 16], "excluded_lines": [], "functions": {"": {"executed_lines": [], "summary": {"covered_lines": 0, "num_statements": 2, "percent_covered": 0.0, "percent_covered_display": "0", "missing_lines": 2, "excluded_lines": 0}, "missing_lines": [7, 16], "excluded_lines": []}}, "classes": {"": {"executed_lines": [], "summary": {"covered_lines": 0, "num_statements": 2, "percent_covered": 0.0, "percent_covered_display": "0", "missing_lines": 2, "excluded_lines": 0}, "missing_lines": [7, 16], "excluded_lines": []}}}, "src\\compareblocks\\project\\manager.py": {"executed_lines": [], "summary": {"covered_lines": 0, "num_statements": 186, "percent_covered": 0.0, "percent_covered_display": "0", "missing_lines": 186, "excluded_lines": 0}, "missing_lines": [7, 8, 9, 10, 11, 12, 14, 15, 18, 19, 21, 22, 23, 24, 25, 26, 29, 30, 32, 33, 34, 35, 36, 37, 38, 39, 42, 45, 47, 48, 49, 50, 52, 54, 57, 58, 61, 64, 67, 77, 80, 82, 84, 86, 89, 90, 91, 92, 93, 94, 97, 98, 99, 100, 101, 102, 104, 106, 108, 110, 112, 113, 114, 115, 117, 119, 122, 123, 125, 126, 127, 128, 129, 130, 131, 134, 136, 137, 138, 139, 140, 141, 142, 145, 146, 148, 150, 151, 154, 156, 158, 160, 161, 162, 163, 164, 165, 166, 167, 169, 171, 174, 176, 190, 191, 192, 193, 200, 202, 204, 206, 207, 209, 210, 211, 213, 215, 217, 218, 220, 221, 223, 224, 225, 228, 231, 232, 233, 234, 237, 240, 242, 243, 245, 247, 249, 250, 253, 254, 255, 257, 258, 259, 261, 262, 265, 268, 269, 272, 274, 276, 277, 279, 281, 283, 290, 292, 294, 295, 296, 298, 322, 324, 326, 328, 329, 330, 331, 333, 334, 336, 338, 340, 341, 343, 345, 347, 361, 363, 364, 367, 369, 370, 373, 375, 376], "excluded_lines": [], "functions": {"ProjectManager.__init__": {"executed_lines": [], "summary": {"covered_lines": 0, "num_statements": 4, "percent_covered": 0.0, "percent_covered_display": "0", "missing_lines": 4, "excluded_lines": 0}, "missing_lines": [47, 48, 49, 50], "excluded_lines": []}, "ProjectManager.create_project_structure": {"executed_lines": [], "summary": {"covered_lines": 0, "num_statements": 9, "percent_covered": 0.0, "percent_covered_display": "0", "missing_lines": 9, "excluded_lines": 0}, "missing_lines": [54, 57, 58, 61, 64, 67, 77, 80, 82], "excluded_lines": []}, "ProjectManager._find_previous_results": {"executed_lines": [], "summary": {"covered_lines": 0, "num_statements": 14, "percent_covered": 0.0, "percent_covered_display": "0", "missing_lines": 14, "excluded_lines": 0}, "missing_lines": [86, 89, 90, 91, 92, 93, 94, 97, 98, 99, 100, 101, 102, 104], "excluded_lines": []}, "ProjectManager._validate_project_files": {"executed_lines": [], "summary": {"covered_lines": 0, "num_statements": 6, "percent_covered": 0.0, "percent_covered_display": "0", "missing_lines": 6, "excluded_lines": 0}, "missing_lines": [108, 110, 112, 113, 114, 115], "excluded_lines": []}, "ProjectManager.get_file_status": {"executed_lines": [], "summary": {"covered_lines": 0, "num_statements": 25, "percent_covered": 0.0, "percent_covered_display": "0", "missing_lines": 25, "excluded_lines": 0}, "missing_lines": [119, 122, 123, 125, 126, 127, 128, 129, 130, 131, 134, 136, 137, 138, 139, 140, 141, 142, 145, 146, 148, 150, 151, 154, 156], "excluded_lines": []}, "ProjectManager._calculate_checksum": {"executed_lines": [], "summary": {"covered_lines": 0, "num_statements": 8, "percent_covered": 0.0, "percent_covered_display": "0", "missing_lines": 8, "excluded_lines": 0}, "missing_lines": [160, 161, 162, 163, 164, 165, 166, 167], "excluded_lines": []}, "ProjectManager.validate_project_structure": {"executed_lines": [], "summary": {"covered_lines": 0, "num_statements": 8, "percent_covered": 0.0, "percent_covered_display": "0", "missing_lines": 8, "excluded_lines": 0}, "missing_lines": [171, 174, 176, 190, 191, 192, 193, 200], "excluded_lines": []}, "ProjectManager.get_project_structure": {"executed_lines": [], "summary": {"covered_lines": 0, "num_statements": 7, "percent_covered": 0.0, "percent_covered_display": "0", "missing_lines": 7, "excluded_lines": 0}, "missing_lines": [204, 206, 207, 209, 210, 211, 213], "excluded_lines": []}, "ProjectManager.find_moved_files": {"executed_lines": [], "summary": {"covered_lines": 0, "num_statements": 17, "percent_covered": 0.0, "percent_covered_display": "0", "missing_lines": 17, "excluded_lines": 0}, "missing_lines": [217, 218, 220, 221, 223, 224, 225, 228, 231, 232, 233, 234, 237, 240, 242, 243, 245], "excluded_lines": []}, "ProjectManager.relocate_file": {"executed_lines": [], "summary": {"covered_lines": 0, "num_statements": 17, "percent_covered": 0.0, "percent_covered_display": "0", "missing_lines": 17, "excluded_lines": 0}, "missing_lines": [249, 250, 253, 254, 255, 257, 258, 259, 261, 262, 265, 268, 269, 272, 274, 276, 277], "excluded_lines": []}, "ProjectManager.get_reprocessing_files": {"executed_lines": [], "summary": {"covered_lines": 0, "num_statements": 3, "percent_covered": 0.0, "percent_covered_display": "0", "missing_lines": 3, "excluded_lines": 0}, "missing_lines": [281, 283, 290], "excluded_lines": []}, "ProjectManager.create_project_manifest": {"executed_lines": [], "summary": {"covered_lines": 0, "num_statements": 5, "percent_covered": 0.0, "percent_covered_display": "0", "missing_lines": 5, "excluded_lines": 0}, "missing_lines": [294, 295, 296, 298, 322], "excluded_lines": []}, "ProjectManager.save_project_manifest": {"executed_lines": [], "summary": {"covered_lines": 0, "num_statements": 8, "percent_covered": 0.0, "percent_covered_display": "0", "missing_lines": 8, "excluded_lines": 0}, "missing_lines": [326, 328, 329, 330, 331, 333, 334, 336], "excluded_lines": []}, "ProjectManager.clear_cache": {"executed_lines": [], "summary": {"covered_lines": 0, "num_statements": 2, "percent_covered": 0.0, "percent_covered_display": "0", "missing_lines": 2, "excluded_lines": 0}, "missing_lines": [340, 341], "excluded_lines": []}, "ProjectManager.get_project_summary": {"executed_lines": [], "summary": {"covered_lines": 0, "num_statements": 2, "percent_covered": 0.0, "percent_covered_display": "0", "missing_lines": 2, "excluded_lines": 0}, "missing_lines": [345, 347], "excluded_lines": []}, "create_project_structure": {"executed_lines": [], "summary": {"covered_lines": 0, "num_statements": 2, "percent_covered": 0.0, "percent_covered_display": "0", "missing_lines": 2, "excluded_lines": 0}, "missing_lines": [363, 364], "excluded_lines": []}, "validate_project_structure": {"executed_lines": [], "summary": {"covered_lines": 0, "num_statements": 2, "percent_covered": 0.0, "percent_covered_display": "0", "missing_lines": 2, "excluded_lines": 0}, "missing_lines": [369, 370], "excluded_lines": []}, "get_project_summary": {"executed_lines": [], "summary": {"covered_lines": 0, "num_statements": 2, "percent_covered": 0.0, "percent_covered_display": "0", "missing_lines": 2, "excluded_lines": 0}, "missing_lines": [375, 376], "excluded_lines": []}, "": {"executed_lines": [], "summary": {"covered_lines": 0, "num_statements": 45, "percent_covered": 0.0, "percent_covered_display": "0", "missing_lines": 45, "excluded_lines": 0}, "missing_lines": [7, 8, 9, 10, 11, 12, 14, 15, 18, 19, 21, 22, 23, 24, 25, 26, 29, 30, 32, 33, 34, 35, 36, 37, 38, 39, 42, 45, 52, 84, 106, 117, 158, 169, 202, 215, 247, 279, 292, 324, 338, 343, 361, 367, 373], "excluded_lines": []}}, "classes": {"FileStatus": {"executed_lines": [], "summary": {"covered_lines": 0, "num_statements": 0, "percent_covered": 100.0, "percent_covered_display": "100", "missing_lines": 0, "excluded_lines": 0}, "missing_lines": [], "excluded_lines": []}, "ProjectStructure": {"executed_lines": [], "summary": {"covered_lines": 0, "num_statements": 0, "percent_covered": 100.0, "percent_covered_display": "100", "missing_lines": 0, "excluded_lines": 0}, "missing_lines": [], "excluded_lines": []}, "ProjectManager": {"executed_lines": [], "summary": {"covered_lines": 0, "num_statements": 135, "percent_covered": 0.0, "percent_covered_display": "0", "missing_lines": 135, "excluded_lines": 0}, "missing_lines": [47, 48, 49, 50, 54, 57, 58, 61, 64, 67, 77, 80, 82, 86, 89, 90, 91, 92, 93, 94, 97, 98, 99, 100, 101, 102, 104, 108, 110, 112, 113, 114, 115, 119, 122, 123, 125, 126, 127, 128, 129, 130, 131, 134, 136, 137, 138, 139, 140, 141, 142, 145, 146, 148, 150, 151, 154, 156, 160, 161, 162, 163, 164, 165, 166, 167, 171, 174, 176, 190, 191, 192, 193, 200, 204, 206, 207, 209, 210, 211, 213, 217, 218, 220, 221, 223, 224, 225, 228, 231, 232, 233, 234, 237, 240, 242, 243, 245, 249, 250, 253, 254, 255, 257, 258, 259, 261, 262, 265, 268, 269, 272, 274, 276, 277, 281, 283, 290, 294, 295, 296, 298, 322, 326, 328, 329, 330, 331, 333, 334, 336, 340, 341, 345, 347], "excluded_lines": []}, "": {"executed_lines": [], "summary": {"covered_lines": 0, "num_statements": 51, "percent_covered": 0.0, "percent_covered_display": "0", "missing_lines": 51, "excluded_lines": 0}, "missing_lines": [7, 8, 9, 10, 11, 12, 14, 15, 18, 19, 21, 22, 23, 24, 25, 26, 29, 30, 32, 33, 34, 35, 36, 37, 38, 39, 42, 45, 52, 84, 106, 117, 158, 169, 202, 215, 247, 279, 292, 324, 338, 343, 361, 363, 364, 367, 369, 370, 373, 375, 376], "excluded_lines": []}}}, "src\\compareblocks\\testing\\test_execution_tracker.py": {"executed_lines": [2, 10, 11, 12, 13, 14, 15, 16, 17, 18, 21, 22, 23, 24, 25, 26, 27, 28, 29, 31, 36, 37, 38, 39, 40, 41, 42, 43, 44, 45, 46, 47, 50, 51, 53, 58, 162, 224, 237, 314, 334, 357, 368], "summary": {"covered_lines": 39, "num_statements": 204, "percent_covered": 19.11764705882353, "percent_covered_display": "19", "missing_lines": 165, "excluded_lines": 0}, "missing_lines": [32, 33, 54, 55, 56, 68, 69, 71, 72, 75, 76, 77, 78, 79, 80, 81, 82, 83, 86, 93, 105, 107, 109, 116, 119, 120, 121, 124, 125, 128, 141, 144, 147, 149, 151, 152, 154, 164, 165, 166, 167, 169, 170, 171, 174, 175, 176, 178, 179, 180, 181, 182, 184, 185, 187, 188, 191, 192, 198, 201, 204, 205, 206, 207, 208, 210, 218, 220, 221, 222, 226, 227, 228, 230, 231, 232, 233, 234, 235, 239, 240, 241, 243, 246, 247, 248, 249, 250, 251, 252, 253, 254, 257, 258, 260, 265, 266, 269, 270, 271, 272, 275, 276, 277, 278, 279, 280, 281, 282, 283, 284, 287, 288, 289, 290, 291, 293, 295, 296, 298, 299, 300, 301, 302, 303, 305, 308, 309, 310, 312, 316, 319, 320, 321, 322, 323, 324, 327, 328, 331, 332, 336, 337, 338, 339, 340, 341, 342, 343, 344, 345, 346, 348, 349, 350, 351, 352, 353, 354, 359, 360, 363, 364, 365, 369], "excluded_lines": [], "functions": {"ExecutionResult.__post_init__": {"executed_lines": [], "summary": {"covered_lines": 0, "num_statements": 2, "percent_covered": 0.0, "percent_covered_display": "0", "missing_lines": 2, "excluded_lines": 0}, "missing_lines": [32, 33], "excluded_lines": []}, "ExecutionTracker.__init__": {"executed_lines": [], "summary": {"covered_lines": 0, "num_statements": 3, "percent_covered": 0.0, "percent_covered_display": "0", "missing_lines": 3, "excluded_lines": 0}, "missing_lines": [54, 55, 56], "excluded_lines": []}, "ExecutionTracker.run_all_tests": {"executed_lines": [], "summary": {"covered_lines": 0, "num_statements": 32, "percent_covered": 0.0, "percent_covered_display": "0", "missing_lines": 32, "excluded_lines": 0}, "missing_lines": [68, 69, 71, 72, 75, 76, 77, 78, 79, 80, 81, 82, 83, 86, 93, 105, 107, 109, 116, 119, 120, 121, 124, 125, 128, 141, 144, 147, 149, 151, 152, 154], "excluded_lines": []}, "ExecutionTracker._parse_pytest_results": {"executed_lines": [], "summary": {"covered_lines": 0, "num_statements": 33, "percent_covered": 0.0, "percent_covered_display": "0", "missing_lines": 33, "excluded_lines": 0}, "missing_lines": [164, 165, 166, 167, 169, 170, 171, 174, 175, 176, 178, 179, 180, 181, 182, 184, 185, 187, 188, 191, 192, 198, 201, 204, 205, 206, 207, 208, 210, 218, 220, 221, 222], "excluded_lines": []}, "ExecutionTracker._parse_coverage_results": {"executed_lines": [], "summary": {"covered_lines": 0, "num_statements": 9, "percent_covered": 0.0, "percent_covered_display": "0", "missing_lines": 9, "excluded_lines": 0}, "missing_lines": [226, 227, 228, 230, 231, 232, 233, 234, 235], "excluded_lines": []}, "ExecutionTracker._update_test_catalog": {"executed_lines": [], "summary": {"covered_lines": 0, "num_statements": 51, "percent_covered": 0.0, "percent_covered_display": "0", "missing_lines": 51, "excluded_lines": 0}, "missing_lines": [239, 240, 241, 243, 246, 247, 248, 249, 250, 251, 252, 253, 254, 257, 258, 260, 265, 266, 269, 270, 271, 272, 275, 276, 277, 278, 279, 280, 281, 282, 283, 284, 287, 288, 289, 290, 291, 293, 295, 296, 298, 299, 300, 301, 302, 303, 305, 308, 309, 310, 312], "excluded_lines": []}, "ExecutionTracker._save_execution_history": {"executed_lines": [], "summary": {"covered_lines": 0, "num_statements": 11, "percent_covered": 0.0, "percent_covered_display": "0", "missing_lines": 11, "excluded_lines": 0}, "missing_lines": [316, 319, 320, 321, 322, 323, 324, 327, 328, 331, 332], "excluded_lines": []}, "ExecutionTracker._print_execution_summary": {"executed_lines": [], "summary": {"covered_lines": 0, "num_statements": 18, "percent_covered": 0.0, "percent_covered_display": "0", "missing_lines": 18, "excluded_lines": 0}, "missing_lines": [336, 337, 338, 339, 340, 341, 342, 343, 344, 345, 346, 348, 349, 350, 351, 352, 353, 354], "excluded_lines": []}, "run_all_tests_cli": {"executed_lines": [], "summary": {"covered_lines": 0, "num_statements": 5, "percent_covered": 0.0, "percent_covered_display": "0", "missing_lines": 5, "excluded_lines": 0}, "missing_lines": [359, 360, 363, 364, 365], "excluded_lines": []}, "": {"executed_lines": [2, 10, 11, 12, 13, 14, 15, 16, 17, 18, 21, 22, 23, 24, 25, 26, 27, 28, 29, 31, 36, 37, 38, 39, 40, 41, 42, 43, 44, 45, 46, 47, 50, 51, 53, 58, 162, 224, 237, 314, 334, 357, 368], "summary": {"covered_lines": 39, "num_statements": 40, "percent_covered": 97.5, "percent_covered_display": "98", "missing_lines": 1, "excluded_lines": 0}, "missing_lines": [369], "excluded_lines": []}}, "classes": {"ExecutionResult": {"executed_lines": [], "summary": {"covered_lines": 0, "num_statements": 2, "percent_covered": 0.0, "percent_covered_display": "0", "missing_lines": 2, "excluded_lines": 0}, "missing_lines": [32, 33], "excluded_lines": []}, "SuiteExecutionResult": {"executed_lines": [], "summary": {"covered_lines": 0, "num_statements": 0, "percent_covered": 100.0, "percent_covered_display": "100", "missing_lines": 0, "excluded_lines": 0}, "missing_lines": [], "excluded_lines": []}, "ExecutionTracker": {"executed_lines": [], "summary": {"covered_lines": 0, "num_statements": 157, "percent_covered": 0.0, "percent_covered_display": "0", "missing_lines": 157, "excluded_lines": 0}, "missing_lines": [54, 55, 56, 68, 69, 71, 72, 75, 76, 77, 78, 79, 80, 81, 82, 83, 86, 93, 105, 107, 109, 116, 119, 120, 121, 124, 125, 128, 141, 144, 147, 149, 151, 152, 154, 164, 165, 166, 167, 169, 170, 171, 174, 175, 176, 178, 179, 180, 181, 182, 184, 185, 187, 188, 191, 192, 198, 201, 204, 205, 206, 207, 208, 210, 218, 220, 221, 222, 226, 227, 228, 230, 231, 232, 233, 234, 235, 239, 240, 241, 243, 246, 247, 248, 249, 250, 251, 252, 253, 254, 257, 258, 260, 265, 266, 269, 270, 271, 272, 275, 276, 277, 278, 279, 280, 281, 282, 283, 284, 287, 288, 289, 290, 291, 293, 295, 296, 298, 299, 300, 301, 302, 303, 305, 308, 309, 310, 312, 316, 319, 320, 321, 322, 323, 324, 327, 328, 331, 332, 336, 337, 338, 339, 340, 341, 342, 343, 344, 345, 346, 348, 349, 350, 351, 352, 353, 354], "excluded_lines": []}, "": {"executed_lines": [2, 10, 11, 12, 13, 14, 15, 16, 17, 18, 21, 22, 23, 24, 25, 26, 27, 28, 29, 31, 36, 37, 38, 39, 40, 41, 42, 43, 44, 45, 46, 47, 50, 51, 53, 58, 162, 224, 237, 314, 334, 357, 368], "summary": {"covered_lines": 39, "num_statements": 45, "percent_covered": 86.66666666666667, "percent_covered_display": "87", "missing_lines": 6, "excluded_lines": 0}, "missing_lines": [359, 360, 363, 364, 365, 369], "excluded_lines": []}}}, "src\\compareblocks\\utils\\__init__.py": {"executed_lines": [], "summary": {"covered_lines": 0, "num_statements": 0, "percent_covered": 100.0, "percent_covered_display": "100", "missing_lines": 0, "excluded_lines": 0}, "missing_lines": [], "excluded_lines": [], "functions": {"": {"executed_lines": [], "summary": {"covered_lines": 0, "num_statements": 0, "percent_covered": 100.0, "percent_covered_display": "100", "missing_lines": 0, "excluded_lines": 0}, "missing_lines": [], "excluded_lines": []}}, "classes": {"": {"executed_lines": [], "summary": {"covered_lines": 0, "num_statements": 0, "percent_covered": 100.0, "percent_covered_display": "100", "missing_lines": 0, "excluded_lines": 0}, "missing_lines": [], "excluded_lines": []}}}, "src\\compareblocks\\utils\\test_runner.py": {"executed_lines": [], "summary": {"covered_lines": 0, "num_statements": 22, "percent_covered": 0.0, "percent_covered_display": "0", "missing_lines": 22, "excluded_lines": 0}, "missing_lines": [7, 8, 9, 10, 12, 22, 25, 35, 36, 38, 40, 41, 42, 43, 45, 46, 47, 48, 49, 50, 52, 53], "excluded_lines": [], "functions": {"main": {"executed_lines": [], "summary": {"covered_lines": 0, "num_statements": 15, "percent_covered": 0.0, "percent_covered_display": "0", "missing_lines": 15, "excluded_lines": 0}, "missing_lines": [22, 25, 35, 36, 38, 40, 41, 42, 43, 45, 46, 47, 48, 49, 50], "excluded_lines": []}, "": {"executed_lines": [], "summary": {"covered_lines": 0, "num_statements": 7, "percent_covered": 0.0, "percent_covered_display": "0", "missing_lines": 7, "excluded_lines": 0}, "missing_lines": [7, 8, 9, 10, 12, 52, 53], "excluded_lines": []}}, "classes": {"": {"executed_lines": [], "summary": {"covered_lines": 0, "num_statements": 22, "percent_covered": 0.0, "percent_covered_display": "0", "missing_lines": 22, "excluded_lines": 0}, "missing_lines": [7, 8, 9, 10, 12, 22, 25, 35, 36, 38, 40, 41, 42, 43, 45, 46, 47, 48, 49, 50, 52, 53], "excluded_lines": []}}}}, "totals": {"covered_lines": 1236, "num_statements": 10984, "percent_covered": 11.252731245447924, "percent_covered_display": "11", "missing_lines": 9748, "excluded_lines": 0}}